{"D:\\Năm 4\\Kì 2\\SQA\\Eshop\\Eshop-tutorial\\backend\\controller\\conversation.js": {"path":"D:\\Năm 4\\Kì 2\\SQA\\Eshop\\Eshop-tutorial\\backend\\controller\\conversation.js","statementMap":{"0":{"start":{"line":1,"column":21},"end":{"line":1,"column":53}},"1":{"start":{"line":2,"column":21},"end":{"line":2,"column":53}},"2":{"start":{"line":3,"column":25},"end":{"line":3,"column":66}},"3":{"start":{"line":4,"column":16},"end":{"line":4,"column":34}},"4":{"start":{"line":5,"column":38},"end":{"line":5,"column":67}},"5":{"start":{"line":6,"column":15},"end":{"line":6,"column":31}},"6":{"start":{"line":9,"column":0},"end":{"line":38,"column":2}},"7":{"start":{"line":12,"column":4},"end":{"line":36,"column":5}},"8":{"start":{"line":13,"column":47},"end":{"line":13,"column":55}},"9":{"start":{"line":15,"column":34},"end":{"line":15,"column":76}},"10":{"start":{"line":17,"column":6},"end":{"line":33,"column":7}},"11":{"start":{"line":18,"column":29},"end":{"line":18,"column":48}},"12":{"start":{"line":19,"column":8},"end":{"line":22,"column":11}},"13":{"start":{"line":24,"column":29},"end":{"line":27,"column":10}},"14":{"start":{"line":29,"column":8},"end":{"line":32,"column":11}},"15":{"start":{"line":35,"column":6},"end":{"line":35,"column":65}},"16":{"start":{"line":41,"column":0},"end":{"line":60,"column":2}},"17":{"start":{"line":45,"column":4},"end":{"line":58,"column":5}},"18":{"start":{"line":46,"column":28},"end":{"line":50,"column":47}},"19":{"start":{"line":52,"column":6},"end":{"line":55,"column":9}},"20":{"start":{"line":57,"column":6},"end":{"line":57,"column":48}},"21":{"start":{"line":64,"column":0},"end":{"line":83,"column":2}},"22":{"start":{"line":68,"column":4},"end":{"line":81,"column":5}},"23":{"start":{"line":69,"column":28},"end":{"line":73,"column":47}},"24":{"start":{"line":75,"column":6},"end":{"line":78,"column":9}},"25":{"start":{"line":80,"column":6},"end":{"line":80,"column":48}},"26":{"start":{"line":86,"column":0},"end":{"line":105,"column":2}},"27":{"start":{"line":89,"column":4},"end":{"line":103,"column":5}},"28":{"start":{"line":90,"column":45},"end":{"line":90,"column":53}},"29":{"start":{"line":92,"column":27},"end":{"line":95,"column":8}},"30":{"start":{"line":97,"column":6},"end":{"line":100,"column":9}},"31":{"start":{"line":102,"column":6},"end":{"line":102,"column":48}},"32":{"start":{"line":107,"column":0},"end":{"line":107,"column":24}}},"fnMap":{"0":{"name":"(anonymous_0)","decl":{"start":{"line":11,"column":19},"end":{"line":11,"column":20}},"loc":{"start":{"line":11,"column":45},"end":{"line":37,"column":3}},"line":11},"1":{"name":"(anonymous_1)","decl":{"start":{"line":44,"column":19},"end":{"line":44,"column":20}},"loc":{"start":{"line":44,"column":45},"end":{"line":59,"column":3}},"line":44},"2":{"name":"(anonymous_2)","decl":{"start":{"line":67,"column":19},"end":{"line":67,"column":20}},"loc":{"start":{"line":67,"column":45},"end":{"line":82,"column":3}},"line":67},"3":{"name":"(anonymous_3)","decl":{"start":{"line":88,"column":19},"end":{"line":88,"column":20}},"loc":{"start":{"line":88,"column":45},"end":{"line":104,"column":3}},"line":88}},"branchMap":{"0":{"loc":{"start":{"line":17,"column":6},"end":{"line":33,"column":7}},"type":"if","locations":[{"start":{"line":17,"column":6},"end":{"line":33,"column":7}},{"start":{"line":23,"column":13},"end":{"line":33,"column":7}}],"line":17}},"s":{"0":1,"1":1,"2":1,"3":1,"4":1,"5":1,"6":1,"7":11,"8":11,"9":11,"10":11,"11":2,"12":2,"13":9,"14":9,"15":0,"16":1,"17":5,"18":5,"19":5,"20":0,"21":1,"22":5,"23":5,"24":5,"25":0,"26":1,"27":7,"28":7,"29":7,"30":6,"31":1,"32":1},"f":{"0":11,"1":5,"2":5,"3":7},"b":{"0":[2,9]},"_coverageSchema":"1a1c01bbd47fc00a2c39e90264f33305004495a9","hash":"cc63dc1e196344e4332b6f91533ad0c59732a118"}
,"D:\\Năm 4\\Kì 2\\SQA\\Eshop\\Eshop-tutorial\\backend\\controller\\coupounCode.js": {"path":"D:\\Năm 4\\Kì 2\\SQA\\Eshop\\Eshop-tutorial\\backend\\controller\\coupounCode.js","statementMap":{"0":{"start":{"line":1,"column":16},"end":{"line":1,"column":34}},"1":{"start":{"line":2,"column":25},"end":{"line":2,"column":66}},"2":{"start":{"line":3,"column":13},"end":{"line":3,"column":37}},"3":{"start":{"line":4,"column":21},"end":{"line":4,"column":53}},"4":{"start":{"line":5,"column":21},"end":{"line":5,"column":50}},"5":{"start":{"line":6,"column":20},"end":{"line":6,"column":51}},"6":{"start":{"line":7,"column":15},"end":{"line":7,"column":31}},"7":{"start":{"line":10,"column":0},"end":{"line":33,"column":2}},"8":{"start":{"line":14,"column":4},"end":{"line":31,"column":5}},"9":{"start":{"line":15,"column":34},"end":{"line":17,"column":8}},"10":{"start":{"line":19,"column":6},"end":{"line":21,"column":7}},"11":{"start":{"line":20,"column":8},"end":{"line":20,"column":75}},"12":{"start":{"line":23,"column":26},"end":{"line":23,"column":60}},"13":{"start":{"line":25,"column":6},"end":{"line":28,"column":9}},"14":{"start":{"line":30,"column":6},"end":{"line":30,"column":48}},"15":{"start":{"line":36,"column":0},"end":{"line":50,"column":2}},"16":{"start":{"line":40,"column":4},"end":{"line":48,"column":5}},"17":{"start":{"line":41,"column":26},"end":{"line":41,"column":75}},"18":{"start":{"line":42,"column":6},"end":{"line":45,"column":9}},"19":{"start":{"line":47,"column":6},"end":{"line":47,"column":48}},"20":{"start":{"line":53,"column":0},"end":{"line":71,"column":2}},"21":{"start":{"line":57,"column":4},"end":{"line":69,"column":5}},"22":{"start":{"line":58,"column":25},"end":{"line":58,"column":75}},"23":{"start":{"line":60,"column":6},"end":{"line":62,"column":7}},"24":{"start":{"line":61,"column":8},"end":{"line":61,"column":74}},"25":{"start":{"line":63,"column":6},"end":{"line":66,"column":9}},"26":{"start":{"line":68,"column":6},"end":{"line":68,"column":48}},"27":{"start":{"line":74,"column":0},"end":{"line":88,"column":2}},"28":{"start":{"line":77,"column":4},"end":{"line":86,"column":5}},"29":{"start":{"line":78,"column":25},"end":{"line":78,"column":77}},"30":{"start":{"line":80,"column":6},"end":{"line":83,"column":9}},"31":{"start":{"line":85,"column":6},"end":{"line":85,"column":48}},"32":{"start":{"line":90,"column":0},"end":{"line":90,"column":24}}},"fnMap":{"0":{"name":"(anonymous_0)","decl":{"start":{"line":13,"column":19},"end":{"line":13,"column":20}},"loc":{"start":{"line":13,"column":45},"end":{"line":32,"column":3}},"line":13},"1":{"name":"(anonymous_1)","decl":{"start":{"line":39,"column":19},"end":{"line":39,"column":20}},"loc":{"start":{"line":39,"column":45},"end":{"line":49,"column":3}},"line":39},"2":{"name":"(anonymous_2)","decl":{"start":{"line":56,"column":19},"end":{"line":56,"column":20}},"loc":{"start":{"line":56,"column":45},"end":{"line":70,"column":3}},"line":56},"3":{"name":"(anonymous_3)","decl":{"start":{"line":76,"column":19},"end":{"line":76,"column":20}},"loc":{"start":{"line":76,"column":45},"end":{"line":87,"column":3}},"line":76}},"branchMap":{"0":{"loc":{"start":{"line":19,"column":6},"end":{"line":21,"column":7}},"type":"if","locations":[{"start":{"line":19,"column":6},"end":{"line":21,"column":7}},{"start":{},"end":{}}],"line":19},"1":{"loc":{"start":{"line":60,"column":6},"end":{"line":62,"column":7}},"type":"if","locations":[{"start":{"line":60,"column":6},"end":{"line":62,"column":7}},{"start":{},"end":{}}],"line":60}},"s":{"0":1,"1":1,"2":1,"3":1,"4":1,"5":1,"6":1,"7":1,"8":6,"9":6,"10":6,"11":1,"12":5,"13":3,"14":2,"15":1,"16":5,"17":5,"18":4,"19":1,"20":1,"21":5,"22":5,"23":4,"24":1,"25":3,"26":1,"27":1,"28":5,"29":5,"30":4,"31":1,"32":1},"f":{"0":6,"1":5,"2":5,"3":5},"b":{"0":[1,5],"1":[1,3]},"_coverageSchema":"1a1c01bbd47fc00a2c39e90264f33305004495a9","hash":"c501e2947dac80f27b37b36fdbf830b0ecd45786"}
,"D:\\Năm 4\\Kì 2\\SQA\\Eshop\\Eshop-tutorial\\backend\\controller\\event.js": {"path":"D:\\Năm 4\\Kì 2\\SQA\\Eshop\\Eshop-tutorial\\backend\\controller\\event.js","statementMap":{"0":{"start":{"line":1,"column":16},"end":{"line":1,"column":34}},"1":{"start":{"line":2,"column":25},"end":{"line":2,"column":66}},"2":{"start":{"line":3,"column":13},"end":{"line":3,"column":37}},"3":{"start":{"line":4,"column":14},"end":{"line":4,"column":39}},"4":{"start":{"line":5,"column":21},"end":{"line":5,"column":53}},"5":{"start":{"line":6,"column":47},"end":{"line":6,"column":76}},"6":{"start":{"line":7,"column":15},"end":{"line":7,"column":31}},"7":{"start":{"line":8,"column":19},"end":{"line":8,"column":40}},"8":{"start":{"line":11,"column":0},"end":{"line":56,"column":2}},"9":{"start":{"line":14,"column":4},"end":{"line":54,"column":5}},"10":{"start":{"line":15,"column":21},"end":{"line":15,"column":36}},"11":{"start":{"line":16,"column":19},"end":{"line":16,"column":46}},"12":{"start":{"line":17,"column":6},"end":{"line":51,"column":7}},"13":{"start":{"line":18,"column":8},"end":{"line":18,"column":66}},"14":{"start":{"line":20,"column":21},"end":{"line":20,"column":23}},"15":{"start":{"line":22,"column":8},"end":{"line":26,"column":9}},"16":{"start":{"line":23,"column":10},"end":{"line":23,"column":39}},"17":{"start":{"line":25,"column":10},"end":{"line":25,"column":35}},"18":{"start":{"line":28,"column":28},"end":{"line":28,"column":30}},"19":{"start":{"line":30,"column":8},"end":{"line":39,"column":9}},"20":{"start":{"line":30,"column":21},"end":{"line":30,"column":22}},"21":{"start":{"line":31,"column":25},"end":{"line":33,"column":12}},"22":{"start":{"line":35,"column":10},"end":{"line":38,"column":13}},"23":{"start":{"line":41,"column":28},"end":{"line":41,"column":36}},"24":{"start":{"line":42,"column":8},"end":{"line":42,"column":41}},"25":{"start":{"line":43,"column":8},"end":{"line":43,"column":32}},"26":{"start":{"line":45,"column":22},"end":{"line":45,"column":53}},"27":{"start":{"line":47,"column":8},"end":{"line":50,"column":11}},"28":{"start":{"line":53,"column":6},"end":{"line":53,"column":48}},"29":{"start":{"line":59,"column":0},"end":{"line":69,"column":3}},"30":{"start":{"line":60,"column":2},"end":{"line":68,"column":3}},"31":{"start":{"line":61,"column":19},"end":{"line":61,"column":37}},"32":{"start":{"line":62,"column":4},"end":{"line":65,"column":7}},"33":{"start":{"line":67,"column":4},"end":{"line":67,"column":46}},"34":{"start":{"line":72,"column":0},"end":{"line":86,"column":2}},"35":{"start":{"line":75,"column":4},"end":{"line":84,"column":5}},"36":{"start":{"line":76,"column":21},"end":{"line":76,"column":64}},"37":{"start":{"line":78,"column":6},"end":{"line":81,"column":9}},"38":{"start":{"line":83,"column":6},"end":{"line":83,"column":48}},"39":{"start":{"line":89,"column":0},"end":{"line":115,"column":2}},"40":{"start":{"line":92,"column":4},"end":{"line":113,"column":5}},"41":{"start":{"line":93,"column":20},"end":{"line":93,"column":55}},"42":{"start":{"line":95,"column":6},"end":{"line":97,"column":7}},"43":{"start":{"line":96,"column":8},"end":{"line":96,"column":80}},"44":{"start":{"line":99,"column":6},"end":{"line":103,"column":7}},"45":{"start":{"line":99,"column":19},"end":{"line":99,"column":20}},"46":{"start":{"line":100,"column":23},"end":{"line":102,"column":9}},"47":{"start":{"line":105,"column":6},"end":{"line":105,"column":27}},"48":{"start":{"line":107,"column":6},"end":{"line":110,"column":9}},"49":{"start":{"line":112,"column":6},"end":{"line":112,"column":48}},"50":{"start":{"line":118,"column":0},"end":{"line":135,"column":2}},"51":{"start":{"line":123,"column":4},"end":{"line":133,"column":5}},"52":{"start":{"line":124,"column":21},"end":{"line":126,"column":8}},"53":{"start":{"line":127,"column":6},"end":{"line":130,"column":9}},"54":{"start":{"line":132,"column":6},"end":{"line":132,"column":56}},"55":{"start":{"line":137,"column":0},"end":{"line":137,"column":24}}},"fnMap":{"0":{"name":"(anonymous_0)","decl":{"start":{"line":13,"column":19},"end":{"line":13,"column":20}},"loc":{"start":{"line":13,"column":45},"end":{"line":55,"column":3}},"line":13},"1":{"name":"(anonymous_1)","decl":{"start":{"line":59,"column":30},"end":{"line":59,"column":31}},"loc":{"start":{"line":59,"column":56},"end":{"line":69,"column":1}},"line":59},"2":{"name":"(anonymous_2)","decl":{"start":{"line":74,"column":19},"end":{"line":74,"column":20}},"loc":{"start":{"line":74,"column":45},"end":{"line":85,"column":3}},"line":74},"3":{"name":"(anonymous_3)","decl":{"start":{"line":91,"column":19},"end":{"line":91,"column":20}},"loc":{"start":{"line":91,"column":45},"end":{"line":114,"column":3}},"line":91},"4":{"name":"(anonymous_4)","decl":{"start":{"line":122,"column":19},"end":{"line":122,"column":20}},"loc":{"start":{"line":122,"column":45},"end":{"line":134,"column":3}},"line":122}},"branchMap":{"0":{"loc":{"start":{"line":17,"column":6},"end":{"line":51,"column":7}},"type":"if","locations":[{"start":{"line":17,"column":6},"end":{"line":51,"column":7}},{"start":{"line":19,"column":13},"end":{"line":51,"column":7}}],"line":17},"1":{"loc":{"start":{"line":22,"column":8},"end":{"line":26,"column":9}},"type":"if","locations":[{"start":{"line":22,"column":8},"end":{"line":26,"column":9}},{"start":{"line":24,"column":15},"end":{"line":26,"column":9}}],"line":22},"2":{"loc":{"start":{"line":95,"column":6},"end":{"line":97,"column":7}},"type":"if","locations":[{"start":{"line":95,"column":6},"end":{"line":97,"column":7}},{"start":{},"end":{}}],"line":95}},"s":{"0":1,"1":1,"2":1,"3":1,"4":1,"5":1,"6":1,"7":1,"8":1,"9":5,"10":5,"11":5,"12":5,"13":1,"14":4,"15":4,"16":1,"17":3,"18":4,"19":4,"20":4,"21":4,"22":3,"23":0,"24":0,"25":0,"26":0,"27":0,"28":4,"29":1,"30":3,"31":3,"32":2,"33":1,"34":1,"35":4,"36":4,"37":4,"38":0,"39":1,"40":5,"41":5,"42":4,"43":0,"44":0,"45":0,"46":0,"47":0,"48":0,"49":5,"50":1,"51":5,"52":5,"53":0,"54":5,"55":1},"f":{"0":5,"1":3,"2":4,"3":5,"4":5},"b":{"0":[1,4],"1":[1,3],"2":[0,0]},"_coverageSchema":"1a1c01bbd47fc00a2c39e90264f33305004495a9","hash":"ac7cb4c5f1078762389e01d8a9c023b53f2b6c99"}
,"D:\\Năm 4\\Kì 2\\SQA\\Eshop\\Eshop-tutorial\\backend\\controller\\message.js": {"path":"D:\\Năm 4\\Kì 2\\SQA\\Eshop\\Eshop-tutorial\\backend\\controller\\message.js","statementMap":{"0":{"start":{"line":1,"column":17},"end":{"line":1,"column":45}},"1":{"start":{"line":2,"column":21},"end":{"line":2,"column":53}},"2":{"start":{"line":3,"column":25},"end":{"line":3,"column":66}},"3":{"start":{"line":4,"column":16},"end":{"line":4,"column":34}},"4":{"start":{"line":5,"column":19},"end":{"line":5,"column":40}},"5":{"start":{"line":6,"column":15},"end":{"line":6,"column":31}},"6":{"start":{"line":9,"column":0},"end":{"line":46,"column":2}},"7":{"start":{"line":12,"column":4},"end":{"line":44,"column":5}},"8":{"start":{"line":13,"column":26},"end":{"line":13,"column":34}},"9":{"start":{"line":15,"column":6},"end":{"line":23,"column":7}},"10":{"start":{"line":16,"column":24},"end":{"line":18,"column":10}},"11":{"start":{"line":19,"column":8},"end":{"line":22,"column":10}},"12":{"start":{"line":25,"column":6},"end":{"line":25,"column":59}},"13":{"start":{"line":26,"column":6},"end":{"line":26,"column":43}},"14":{"start":{"line":27,"column":6},"end":{"line":27,"column":39}},"15":{"start":{"line":29,"column":22},"end":{"line":34,"column":8}},"16":{"start":{"line":36,"column":6},"end":{"line":36,"column":27}},"17":{"start":{"line":38,"column":6},"end":{"line":41,"column":9}},"18":{"start":{"line":43,"column":6},"end":{"line":43,"column":56}},"19":{"start":{"line":49,"column":0},"end":{"line":65,"column":2}},"20":{"start":{"line":52,"column":4},"end":{"line":63,"column":5}},"21":{"start":{"line":53,"column":23},"end":{"line":55,"column":8}},"22":{"start":{"line":57,"column":6},"end":{"line":60,"column":9}},"23":{"start":{"line":62,"column":6},"end":{"line":62,"column":56}},"24":{"start":{"line":67,"column":0},"end":{"line":67,"column":24}}},"fnMap":{"0":{"name":"(anonymous_0)","decl":{"start":{"line":11,"column":19},"end":{"line":11,"column":20}},"loc":{"start":{"line":11,"column":45},"end":{"line":45,"column":3}},"line":11},"1":{"name":"(anonymous_1)","decl":{"start":{"line":51,"column":19},"end":{"line":51,"column":20}},"loc":{"start":{"line":51,"column":45},"end":{"line":64,"column":3}},"line":51}},"branchMap":{"0":{"loc":{"start":{"line":15,"column":6},"end":{"line":23,"column":7}},"type":"if","locations":[{"start":{"line":15,"column":6},"end":{"line":23,"column":7}},{"start":{},"end":{}}],"line":15},"1":{"loc":{"start":{"line":33,"column":16},"end":{"line":33,"column":67}},"type":"cond-expr","locations":[{"start":{"line":33,"column":37},"end":{"line":33,"column":55}},{"start":{"line":33,"column":58},"end":{"line":33,"column":67}}],"line":33}},"s":{"0":1,"1":1,"2":1,"3":1,"4":1,"5":1,"6":1,"7":7,"8":7,"9":7,"10":3,"11":2,"12":4,"13":4,"14":4,"15":4,"16":4,"17":4,"18":3,"19":1,"20":7,"21":7,"22":6,"23":1,"24":1},"f":{"0":7,"1":7},"b":{"0":[3,4],"1":[0,4]},"_coverageSchema":"1a1c01bbd47fc00a2c39e90264f33305004495a9","hash":"f4b552c34c69f90bf0d7f78893c2234744ba72dd"}
,"D:\\Năm 4\\Kì 2\\SQA\\Eshop\\Eshop-tutorial\\backend\\controller\\order.js": {"path":"D:\\Năm 4\\Kì 2\\SQA\\Eshop\\Eshop-tutorial\\backend\\controller\\order.js","statementMap":{"0":{"start":{"line":1,"column":16},"end":{"line":1,"column":34}},"1":{"start":{"line":2,"column":15},"end":{"line":2,"column":31}},"2":{"start":{"line":3,"column":21},"end":{"line":3,"column":53}},"3":{"start":{"line":4,"column":25},"end":{"line":4,"column":66}},"4":{"start":{"line":5,"column":47},"end":{"line":5,"column":76}},"5":{"start":{"line":6,"column":14},"end":{"line":6,"column":39}},"6":{"start":{"line":7,"column":13},"end":{"line":7,"column":37}},"7":{"start":{"line":8,"column":16},"end":{"line":8,"column":43}},"8":{"start":{"line":11,"column":0},"end":{"line":50,"column":2}},"9":{"start":{"line":14,"column":4},"end":{"line":48,"column":5}},"10":{"start":{"line":15,"column":71},"end":{"line":15,"column":79}},"11":{"start":{"line":18,"column":27},"end":{"line":18,"column":36}},"12":{"start":{"line":20,"column":6},"end":{"line":26,"column":7}},"13":{"start":{"line":21,"column":23},"end":{"line":21,"column":34}},"14":{"start":{"line":22,"column":8},"end":{"line":24,"column":9}},"15":{"start":{"line":23,"column":10},"end":{"line":23,"column":39}},"16":{"start":{"line":25,"column":8},"end":{"line":25,"column":44}},"17":{"start":{"line":29,"column":21},"end":{"line":29,"column":23}},"18":{"start":{"line":31,"column":6},"end":{"line":40,"column":7}},"19":{"start":{"line":32,"column":22},"end":{"line":38,"column":10}},"20":{"start":{"line":39,"column":8},"end":{"line":39,"column":27}},"21":{"start":{"line":42,"column":6},"end":{"line":45,"column":9}},"22":{"start":{"line":47,"column":6},"end":{"line":47,"column":56}},"23":{"start":{"line":53,"column":0},"end":{"line":69,"column":2}},"24":{"start":{"line":56,"column":4},"end":{"line":67,"column":5}},"25":{"start":{"line":57,"column":21},"end":{"line":59,"column":8}},"26":{"start":{"line":61,"column":6},"end":{"line":64,"column":9}},"27":{"start":{"line":66,"column":6},"end":{"line":66,"column":56}},"28":{"start":{"line":72,"column":0},"end":{"line":90,"column":2}},"29":{"start":{"line":75,"column":4},"end":{"line":88,"column":5}},"30":{"start":{"line":76,"column":21},"end":{"line":80,"column":8}},"31":{"start":{"line":82,"column":6},"end":{"line":85,"column":9}},"32":{"start":{"line":87,"column":6},"end":{"line":87,"column":56}},"33":{"start":{"line":93,"column":0},"end":{"line":145,"column":2}},"34":{"start":{"line":97,"column":4},"end":{"line":143,"column":5}},"35":{"start":{"line":98,"column":20},"end":{"line":98,"column":55}},"36":{"start":{"line":100,"column":6},"end":{"line":102,"column":7}},"37":{"start":{"line":101,"column":8},"end":{"line":101,"column":75}},"38":{"start":{"line":103,"column":6},"end":{"line":107,"column":7}},"39":{"start":{"line":104,"column":8},"end":{"line":106,"column":11}},"40":{"start":{"line":105,"column":10},"end":{"line":105,"column":42}},"41":{"start":{"line":109,"column":6},"end":{"line":109,"column":37}},"42":{"start":{"line":111,"column":6},"end":{"line":116,"column":7}},"43":{"start":{"line":112,"column":8},"end":{"line":112,"column":39}},"44":{"start":{"line":113,"column":8},"end":{"line":113,"column":47}},"45":{"start":{"line":114,"column":30},"end":{"line":114,"column":52}},"46":{"start":{"line":115,"column":8},"end":{"line":115,"column":65}},"47":{"start":{"line":118,"column":6},"end":{"line":118,"column":54}},"48":{"start":{"line":120,"column":6},"end":{"line":123,"column":9}},"49":{"start":{"line":126,"column":24},"end":{"line":126,"column":50}},"50":{"start":{"line":128,"column":8},"end":{"line":128,"column":29}},"51":{"start":{"line":129,"column":8},"end":{"line":129,"column":32}},"52":{"start":{"line":131,"column":8},"end":{"line":131,"column":58}},"53":{"start":{"line":135,"column":23},"end":{"line":135,"column":57}},"54":{"start":{"line":137,"column":8},"end":{"line":137,"column":41}},"55":{"start":{"line":139,"column":8},"end":{"line":139,"column":28}},"56":{"start":{"line":142,"column":6},"end":{"line":142,"column":56}},"57":{"start":{"line":148,"column":0},"end":{"line":171,"column":2}},"58":{"start":{"line":151,"column":4},"end":{"line":169,"column":5}},"59":{"start":{"line":152,"column":20},"end":{"line":152,"column":55}},"60":{"start":{"line":154,"column":6},"end":{"line":156,"column":7}},"61":{"start":{"line":155,"column":8},"end":{"line":155,"column":75}},"62":{"start":{"line":158,"column":6},"end":{"line":158,"column":37}},"63":{"start":{"line":160,"column":6},"end":{"line":160,"column":54}},"64":{"start":{"line":162,"column":6},"end":{"line":166,"column":9}},"65":{"start":{"line":168,"column":6},"end":{"line":168,"column":56}},"66":{"start":{"line":174,"column":0},"end":{"line":212,"column":2}},"67":{"start":{"line":178,"column":4},"end":{"line":210,"column":5}},"68":{"start":{"line":179,"column":20},"end":{"line":179,"column":55}},"69":{"start":{"line":181,"column":6},"end":{"line":183,"column":7}},"70":{"start":{"line":182,"column":8},"end":{"line":182,"column":75}},"71":{"start":{"line":185,"column":6},"end":{"line":185,"column":37}},"72":{"start":{"line":187,"column":6},"end":{"line":187,"column":25}},"73":{"start":{"line":189,"column":6},"end":{"line":192,"column":9}},"74":{"start":{"line":194,"column":6},"end":{"line":198,"column":7}},"75":{"start":{"line":195,"column":8},"end":{"line":197,"column":11}},"76":{"start":{"line":196,"column":10},"end":{"line":196,"column":42}},"77":{"start":{"line":201,"column":24},"end":{"line":201,"column":50}},"78":{"start":{"line":203,"column":8},"end":{"line":203,"column":29}},"79":{"start":{"line":204,"column":8},"end":{"line":204,"column":32}},"80":{"start":{"line":206,"column":8},"end":{"line":206,"column":58}},"81":{"start":{"line":209,"column":6},"end":{"line":209,"column":56}},"82":{"start":{"line":215,"column":0},"end":{"line":233,"column":2}},"83":{"start":{"line":220,"column":4},"end":{"line":231,"column":5}},"84":{"start":{"line":221,"column":21},"end":{"line":224,"column":8}},"85":{"start":{"line":225,"column":6},"end":{"line":228,"column":9}},"86":{"start":{"line":230,"column":6},"end":{"line":230,"column":56}},"87":{"start":{"line":235,"column":0},"end":{"line":235,"column":24}}},"fnMap":{"0":{"name":"(anonymous_0)","decl":{"start":{"line":13,"column":19},"end":{"line":13,"column":20}},"loc":{"start":{"line":13,"column":45},"end":{"line":49,"column":3}},"line":13},"1":{"name":"(anonymous_1)","decl":{"start":{"line":55,"column":19},"end":{"line":55,"column":20}},"loc":{"start":{"line":55,"column":45},"end":{"line":68,"column":3}},"line":55},"2":{"name":"(anonymous_2)","decl":{"start":{"line":74,"column":19},"end":{"line":74,"column":20}},"loc":{"start":{"line":74,"column":45},"end":{"line":89,"column":3}},"line":74},"3":{"name":"(anonymous_3)","decl":{"start":{"line":96,"column":19},"end":{"line":96,"column":20}},"loc":{"start":{"line":96,"column":45},"end":{"line":144,"column":3}},"line":96},"4":{"name":"(anonymous_4)","decl":{"start":{"line":104,"column":27},"end":{"line":104,"column":28}},"loc":{"start":{"line":104,"column":40},"end":{"line":106,"column":9}},"line":104},"5":{"name":"updateOrder","decl":{"start":{"line":125,"column":21},"end":{"line":125,"column":32}},"loc":{"start":{"line":125,"column":42},"end":{"line":132,"column":7}},"line":125},"6":{"name":"updateSellerInfo","decl":{"start":{"line":134,"column":21},"end":{"line":134,"column":37}},"loc":{"start":{"line":134,"column":46},"end":{"line":140,"column":7}},"line":134},"7":{"name":"(anonymous_7)","decl":{"start":{"line":150,"column":19},"end":{"line":150,"column":20}},"loc":{"start":{"line":150,"column":45},"end":{"line":170,"column":3}},"line":150},"8":{"name":"(anonymous_8)","decl":{"start":{"line":177,"column":19},"end":{"line":177,"column":20}},"loc":{"start":{"line":177,"column":45},"end":{"line":211,"column":3}},"line":177},"9":{"name":"(anonymous_9)","decl":{"start":{"line":195,"column":27},"end":{"line":195,"column":28}},"loc":{"start":{"line":195,"column":40},"end":{"line":197,"column":9}},"line":195},"10":{"name":"updateOrder","decl":{"start":{"line":200,"column":21},"end":{"line":200,"column":32}},"loc":{"start":{"line":200,"column":42},"end":{"line":207,"column":7}},"line":200},"11":{"name":"(anonymous_11)","decl":{"start":{"line":219,"column":19},"end":{"line":219,"column":20}},"loc":{"start":{"line":219,"column":45},"end":{"line":232,"column":3}},"line":219}},"branchMap":{"0":{"loc":{"start":{"line":22,"column":8},"end":{"line":24,"column":9}},"type":"if","locations":[{"start":{"line":22,"column":8},"end":{"line":24,"column":9}},{"start":{},"end":{}}],"line":22},"1":{"loc":{"start":{"line":100,"column":6},"end":{"line":102,"column":7}},"type":"if","locations":[{"start":{"line":100,"column":6},"end":{"line":102,"column":7}},{"start":{},"end":{}}],"line":100},"2":{"loc":{"start":{"line":103,"column":6},"end":{"line":107,"column":7}},"type":"if","locations":[{"start":{"line":103,"column":6},"end":{"line":107,"column":7}},{"start":{},"end":{}}],"line":103},"3":{"loc":{"start":{"line":111,"column":6},"end":{"line":116,"column":7}},"type":"if","locations":[{"start":{"line":111,"column":6},"end":{"line":116,"column":7}},{"start":{},"end":{}}],"line":111},"4":{"loc":{"start":{"line":154,"column":6},"end":{"line":156,"column":7}},"type":"if","locations":[{"start":{"line":154,"column":6},"end":{"line":156,"column":7}},{"start":{},"end":{}}],"line":154},"5":{"loc":{"start":{"line":181,"column":6},"end":{"line":183,"column":7}},"type":"if","locations":[{"start":{"line":181,"column":6},"end":{"line":183,"column":7}},{"start":{},"end":{}}],"line":181},"6":{"loc":{"start":{"line":194,"column":6},"end":{"line":198,"column":7}},"type":"if","locations":[{"start":{"line":194,"column":6},"end":{"line":198,"column":7}},{"start":{},"end":{}}],"line":194}},"s":{"0":1,"1":1,"2":1,"3":1,"4":1,"5":1,"6":1,"7":1,"8":1,"9":7,"10":7,"11":7,"12":7,"13":27,"14":27,"15":8,"16":27,"17":6,"18":6,"19":6,"20":4,"21":4,"22":3,"23":1,"24":4,"25":4,"26":3,"27":1,"28":1,"29":4,"30":4,"31":3,"32":1,"33":1,"34":5,"35":5,"36":4,"37":1,"38":3,"39":1,"40":1,"41":3,"42":3,"43":1,"44":1,"45":1,"46":1,"47":2,"48":2,"49":1,"50":1,"51":1,"52":1,"53":1,"54":0,"55":0,"56":2,"57":1,"58":3,"59":3,"60":2,"61":1,"62":1,"63":1,"64":1,"65":1,"66":1,"67":4,"68":4,"69":3,"70":1,"71":2,"72":2,"73":2,"74":2,"75":2,"76":2,"77":2,"78":2,"79":2,"80":2,"81":1,"82":1,"83":3,"84":3,"85":2,"86":1,"87":1},"f":{"0":7,"1":4,"2":4,"3":5,"4":1,"5":1,"6":1,"7":3,"8":4,"9":2,"10":2,"11":3},"b":{"0":[8,19],"1":[1,3],"2":[1,2],"3":[1,2],"4":[1,1],"5":[1,2],"6":[2,0]},"_coverageSchema":"1a1c01bbd47fc00a2c39e90264f33305004495a9","hash":"deed68369845bcd5f837c88c0b3ffdbac3a01bc9"}
,"D:\\Năm 4\\Kì 2\\SQA\\Eshop\\Eshop-tutorial\\backend\\controller\\payment.js": {"path":"D:\\Năm 4\\Kì 2\\SQA\\Eshop\\Eshop-tutorial\\backend\\controller\\payment.js","statementMap":{"0":{"start":{"line":1,"column":16},"end":{"line":1,"column":34}},"1":{"start":{"line":2,"column":15},"end":{"line":2,"column":31}},"2":{"start":{"line":3,"column":25},"end":{"line":3,"column":66}},"3":{"start":{"line":5,"column":15},"end":{"line":5,"column":63}},"4":{"start":{"line":7,"column":0},"end":{"line":22,"column":2}},"5":{"start":{"line":10,"column":22},"end":{"line":16,"column":6}},"6":{"start":{"line":17,"column":4},"end":{"line":20,"column":7}},"7":{"start":{"line":24,"column":0},"end":{"line":29,"column":2}},"8":{"start":{"line":27,"column":4},"end":{"line":27,"column":71}},"9":{"start":{"line":32,"column":0},"end":{"line":32,"column":24}}},"fnMap":{"0":{"name":"(anonymous_0)","decl":{"start":{"line":9,"column":19},"end":{"line":9,"column":20}},"loc":{"start":{"line":9,"column":45},"end":{"line":21,"column":3}},"line":9},"1":{"name":"(anonymous_1)","decl":{"start":{"line":26,"column":19},"end":{"line":26,"column":20}},"loc":{"start":{"line":26,"column":45},"end":{"line":28,"column":3}},"line":26}},"branchMap":{},"s":{"0":1,"1":1,"2":1,"3":1,"4":1,"5":4,"6":4,"7":1,"8":3,"9":1},"f":{"0":4,"1":3},"b":{},"_coverageSchema":"1a1c01bbd47fc00a2c39e90264f33305004495a9","hash":"f41b8bc1ec0af0ff124a7dffc217ffde0a14fb18"}
,"D:\\Năm 4\\Kì 2\\SQA\\Eshop\\Eshop-tutorial\\backend\\controller\\product.js": {"path":"D:\\Năm 4\\Kì 2\\SQA\\Eshop\\Eshop-tutorial\\backend\\controller\\product.js","statementMap":{"0":{"start":{"line":1,"column":16},"end":{"line":1,"column":34}},"1":{"start":{"line":2,"column":47},"end":{"line":2,"column":76}},"2":{"start":{"line":3,"column":25},"end":{"line":3,"column":66}},"3":{"start":{"line":4,"column":15},"end":{"line":4,"column":31}},"4":{"start":{"line":5,"column":16},"end":{"line":5,"column":43}},"5":{"start":{"line":6,"column":14},"end":{"line":6,"column":39}},"6":{"start":{"line":7,"column":13},"end":{"line":7,"column":37}},"7":{"start":{"line":8,"column":19},"end":{"line":8,"column":40}},"8":{"start":{"line":9,"column":21},"end":{"line":9,"column":53}},"9":{"start":{"line":12,"column":0},"end":{"line":57,"column":2}},"10":{"start":{"line":15,"column":4},"end":{"line":55,"column":5}},"11":{"start":{"line":16,"column":21},"end":{"line":16,"column":36}},"12":{"start":{"line":17,"column":19},"end":{"line":17,"column":46}},"13":{"start":{"line":18,"column":6},"end":{"line":52,"column":7}},"14":{"start":{"line":19,"column":8},"end":{"line":19,"column":66}},"15":{"start":{"line":21,"column":21},"end":{"line":21,"column":23}},"16":{"start":{"line":23,"column":8},"end":{"line":27,"column":9}},"17":{"start":{"line":24,"column":10},"end":{"line":24,"column":39}},"18":{"start":{"line":26,"column":10},"end":{"line":26,"column":35}},"19":{"start":{"line":29,"column":28},"end":{"line":29,"column":30}},"20":{"start":{"line":31,"column":8},"end":{"line":40,"column":9}},"21":{"start":{"line":31,"column":21},"end":{"line":31,"column":22}},"22":{"start":{"line":32,"column":25},"end":{"line":34,"column":12}},"23":{"start":{"line":36,"column":10},"end":{"line":39,"column":13}},"24":{"start":{"line":42,"column":28},"end":{"line":42,"column":36}},"25":{"start":{"line":43,"column":8},"end":{"line":43,"column":41}},"26":{"start":{"line":44,"column":8},"end":{"line":44,"column":32}},"27":{"start":{"line":46,"column":24},"end":{"line":46,"column":57}},"28":{"start":{"line":48,"column":8},"end":{"line":51,"column":11}},"29":{"start":{"line":54,"column":6},"end":{"line":54,"column":48}},"30":{"start":{"line":60,"column":0},"end":{"line":74,"column":2}},"31":{"start":{"line":63,"column":4},"end":{"line":72,"column":5}},"32":{"start":{"line":64,"column":23},"end":{"line":64,"column":68}},"33":{"start":{"line":66,"column":6},"end":{"line":69,"column":9}},"34":{"start":{"line":71,"column":6},"end":{"line":71,"column":48}},"35":{"start":{"line":77,"column":0},"end":{"line":104,"column":2}},"36":{"start":{"line":81,"column":4},"end":{"line":102,"column":5}},"37":{"start":{"line":82,"column":22},"end":{"line":82,"column":59}},"38":{"start":{"line":84,"column":6},"end":{"line":86,"column":7}},"39":{"start":{"line":85,"column":8},"end":{"line":85,"column":80}},"40":{"start":{"line":88,"column":6},"end":{"line":92,"column":7}},"41":{"start":{"line":88,"column":19},"end":{"line":88,"column":20}},"42":{"start":{"line":89,"column":23},"end":{"line":91,"column":9}},"43":{"start":{"line":94,"column":6},"end":{"line":94,"column":29}},"44":{"start":{"line":96,"column":6},"end":{"line":99,"column":9}},"45":{"start":{"line":101,"column":6},"end":{"line":101,"column":48}},"46":{"start":{"line":107,"column":0},"end":{"line":121,"column":2}},"47":{"start":{"line":110,"column":4},"end":{"line":119,"column":5}},"48":{"start":{"line":111,"column":23},"end":{"line":111,"column":67}},"49":{"start":{"line":113,"column":6},"end":{"line":116,"column":9}},"50":{"start":{"line":118,"column":6},"end":{"line":118,"column":48}},"51":{"start":{"line":124,"column":0},"end":{"line":178,"column":2}},"52":{"start":{"line":128,"column":4},"end":{"line":176,"column":5}},"53":{"start":{"line":129,"column":60},"end":{"line":129,"column":68}},"54":{"start":{"line":131,"column":22},"end":{"line":131,"column":55}},"55":{"start":{"line":133,"column":21},"end":{"line":138,"column":7}},"56":{"start":{"line":140,"column":25},"end":{"line":142,"column":7}},"57":{"start":{"line":141,"column":17},"end":{"line":141,"column":46}},"58":{"start":{"line":144,"column":6},"end":{"line":152,"column":7}},"59":{"start":{"line":145,"column":8},"end":{"line":149,"column":11}},"60":{"start":{"line":146,"column":10},"end":{"line":148,"column":11}},"61":{"start":{"line":147,"column":12},"end":{"line":147,"column":78}},"62":{"start":{"line":151,"column":8},"end":{"line":151,"column":37}},"63":{"start":{"line":154,"column":16},"end":{"line":154,"column":17}},"64":{"start":{"line":156,"column":6},"end":{"line":158,"column":9}},"65":{"start":{"line":157,"column":8},"end":{"line":157,"column":26}},"66":{"start":{"line":160,"column":6},"end":{"line":160,"column":53}},"67":{"start":{"line":162,"column":6},"end":{"line":162,"column":56}},"68":{"start":{"line":164,"column":6},"end":{"line":168,"column":8}},"69":{"start":{"line":170,"column":6},"end":{"line":173,"column":9}},"70":{"start":{"line":175,"column":6},"end":{"line":175,"column":48}},"71":{"start":{"line":181,"column":0},"end":{"line":198,"column":2}},"72":{"start":{"line":186,"column":4},"end":{"line":196,"column":5}},"73":{"start":{"line":187,"column":23},"end":{"line":189,"column":8}},"74":{"start":{"line":190,"column":6},"end":{"line":193,"column":9}},"75":{"start":{"line":195,"column":6},"end":{"line":195,"column":56}},"76":{"start":{"line":199,"column":0},"end":{"line":199,"column":24}}},"fnMap":{"0":{"name":"(anonymous_0)","decl":{"start":{"line":14,"column":19},"end":{"line":14,"column":20}},"loc":{"start":{"line":14,"column":45},"end":{"line":56,"column":3}},"line":14},"1":{"name":"(anonymous_1)","decl":{"start":{"line":62,"column":19},"end":{"line":62,"column":20}},"loc":{"start":{"line":62,"column":45},"end":{"line":73,"column":3}},"line":62},"2":{"name":"(anonymous_2)","decl":{"start":{"line":80,"column":19},"end":{"line":80,"column":20}},"loc":{"start":{"line":80,"column":45},"end":{"line":103,"column":3}},"line":80},"3":{"name":"(anonymous_3)","decl":{"start":{"line":109,"column":19},"end":{"line":109,"column":20}},"loc":{"start":{"line":109,"column":45},"end":{"line":120,"column":3}},"line":109},"4":{"name":"(anonymous_4)","decl":{"start":{"line":127,"column":19},"end":{"line":127,"column":20}},"loc":{"start":{"line":127,"column":45},"end":{"line":177,"column":3}},"line":127},"5":{"name":"(anonymous_5)","decl":{"start":{"line":141,"column":8},"end":{"line":141,"column":9}},"loc":{"start":{"line":141,"column":17},"end":{"line":141,"column":46}},"line":141},"6":{"name":"(anonymous_6)","decl":{"start":{"line":145,"column":32},"end":{"line":145,"column":33}},"loc":{"start":{"line":145,"column":41},"end":{"line":149,"column":9}},"line":145},"7":{"name":"(anonymous_7)","decl":{"start":{"line":156,"column":30},"end":{"line":156,"column":31}},"loc":{"start":{"line":156,"column":39},"end":{"line":158,"column":7}},"line":156},"8":{"name":"(anonymous_8)","decl":{"start":{"line":185,"column":19},"end":{"line":185,"column":20}},"loc":{"start":{"line":185,"column":45},"end":{"line":197,"column":3}},"line":185}},"branchMap":{"0":{"loc":{"start":{"line":18,"column":6},"end":{"line":52,"column":7}},"type":"if","locations":[{"start":{"line":18,"column":6},"end":{"line":52,"column":7}},{"start":{"line":20,"column":13},"end":{"line":52,"column":7}}],"line":18},"1":{"loc":{"start":{"line":23,"column":8},"end":{"line":27,"column":9}},"type":"if","locations":[{"start":{"line":23,"column":8},"end":{"line":27,"column":9}},{"start":{"line":25,"column":15},"end":{"line":27,"column":9}}],"line":23},"2":{"loc":{"start":{"line":84,"column":6},"end":{"line":86,"column":7}},"type":"if","locations":[{"start":{"line":84,"column":6},"end":{"line":86,"column":7}},{"start":{},"end":{}}],"line":84},"3":{"loc":{"start":{"line":144,"column":6},"end":{"line":152,"column":7}},"type":"if","locations":[{"start":{"line":144,"column":6},"end":{"line":152,"column":7}},{"start":{"line":150,"column":13},"end":{"line":152,"column":7}}],"line":144},"4":{"loc":{"start":{"line":146,"column":10},"end":{"line":148,"column":11}},"type":"if","locations":[{"start":{"line":146,"column":10},"end":{"line":148,"column":11}},{"start":{},"end":{}}],"line":146}},"s":{"0":1,"1":1,"2":1,"3":1,"4":1,"5":1,"6":1,"7":1,"8":1,"9":1,"10":3,"11":3,"12":3,"13":3,"14":1,"15":2,"16":2,"17":1,"18":1,"19":2,"20":2,"21":2,"22":2,"23":2,"24":0,"25":0,"26":0,"27":0,"28":0,"29":2,"30":1,"31":2,"32":2,"33":2,"34":0,"35":1,"36":2,"37":2,"38":2,"39":1,"40":1,"41":1,"42":3,"43":0,"44":0,"45":1,"46":1,"47":2,"48":2,"49":2,"50":0,"51":1,"52":10,"53":10,"54":10,"55":10,"56":10,"57":8,"58":9,"59":3,"60":3,"61":3,"62":6,"63":9,"64":9,"65":14,"66":9,"67":9,"68":9,"69":9,"70":1,"71":1,"72":2,"73":2,"74":2,"75":0,"76":1},"f":{"0":3,"1":2,"2":2,"3":2,"4":10,"5":8,"6":3,"7":14,"8":2},"b":{"0":[1,2],"1":[1,1],"2":[1,1],"3":[3,6],"4":[3,0]},"_coverageSchema":"1a1c01bbd47fc00a2c39e90264f33305004495a9","hash":"bcbd5b111bc98744ba59f2f96602c21bb0620d1d"}
,"D:\\Năm 4\\Kì 2\\SQA\\Eshop\\Eshop-tutorial\\backend\\controller\\shop.js": {"path":"D:\\Năm 4\\Kì 2\\SQA\\Eshop\\Eshop-tutorial\\backend\\controller\\shop.js","statementMap":{"0":{"start":{"line":1,"column":16},"end":{"line":1,"column":34}},"1":{"start":{"line":2,"column":13},"end":{"line":2,"column":28}},"2":{"start":{"line":3,"column":15},"end":{"line":3,"column":31}},"3":{"start":{"line":4,"column":12},"end":{"line":4,"column":35}},"4":{"start":{"line":5,"column":17},"end":{"line":5,"column":45}},"5":{"start":{"line":6,"column":13},"end":{"line":6,"column":37}},"6":{"start":{"line":7,"column":47},"end":{"line":7,"column":76}},"7":{"start":{"line":8,"column":19},"end":{"line":8,"column":40}},"8":{"start":{"line":9,"column":25},"end":{"line":9,"column":66}},"9":{"start":{"line":10,"column":21},"end":{"line":10,"column":53}},"10":{"start":{"line":11,"column":22},"end":{"line":11,"column":51}},"11":{"start":{"line":14,"column":0},"end":{"line":60,"column":4}},"12":{"start":{"line":15,"column":2},"end":{"line":59,"column":3}},"13":{"start":{"line":16,"column":22},"end":{"line":16,"column":30}},"14":{"start":{"line":17,"column":24},"end":{"line":17,"column":53}},"15":{"start":{"line":18,"column":4},"end":{"line":20,"column":5}},"16":{"start":{"line":19,"column":6},"end":{"line":19,"column":64}},"17":{"start":{"line":22,"column":20},"end":{"line":24,"column":6}},"18":{"start":{"line":27,"column":19},"end":{"line":38,"column":5}},"19":{"start":{"line":40,"column":28},"end":{"line":40,"column":57}},"20":{"start":{"line":42,"column":26},"end":{"line":42,"column":86}},"21":{"start":{"line":44,"column":4},"end":{"line":56,"column":5}},"22":{"start":{"line":45,"column":6},"end":{"line":49,"column":9}},"23":{"start":{"line":50,"column":6},"end":{"line":53,"column":9}},"24":{"start":{"line":55,"column":6},"end":{"line":55,"column":56}},"25":{"start":{"line":58,"column":4},"end":{"line":58,"column":54}},"26":{"start":{"line":63,"column":30},"end":{"line":67,"column":1}},"27":{"start":{"line":64,"column":2},"end":{"line":66,"column":5}},"28":{"start":{"line":70,"column":0},"end":{"line":108,"column":2}},"29":{"start":{"line":73,"column":4},"end":{"line":106,"column":5}},"30":{"start":{"line":74,"column":35},"end":{"line":74,"column":43}},"31":{"start":{"line":76,"column":24},"end":{"line":79,"column":7}},"32":{"start":{"line":81,"column":6},"end":{"line":83,"column":7}},"33":{"start":{"line":82,"column":8},"end":{"line":82,"column":60}},"34":{"start":{"line":85,"column":8},"end":{"line":85,"column":17}},"35":{"start":{"line":87,"column":19},"end":{"line":87,"column":48}},"36":{"start":{"line":89,"column":6},"end":{"line":91,"column":7}},"37":{"start":{"line":90,"column":8},"end":{"line":90,"column":66}},"38":{"start":{"line":93,"column":6},"end":{"line":101,"column":9}},"39":{"start":{"line":103,"column":6},"end":{"line":103,"column":38}},"40":{"start":{"line":105,"column":6},"end":{"line":105,"column":56}},"41":{"start":{"line":111,"column":0},"end":{"line":140,"column":2}},"42":{"start":{"line":114,"column":4},"end":{"line":138,"column":5}},"43":{"start":{"line":115,"column":34},"end":{"line":115,"column":42}},"44":{"start":{"line":117,"column":6},"end":{"line":119,"column":7}},"45":{"start":{"line":118,"column":8},"end":{"line":118,"column":77}},"46":{"start":{"line":121,"column":19},"end":{"line":121,"column":68}},"47":{"start":{"line":123,"column":6},"end":{"line":125,"column":7}},"48":{"start":{"line":124,"column":8},"end":{"line":124,"column":67}},"49":{"start":{"line":127,"column":30},"end":{"line":127,"column":66}},"50":{"start":{"line":129,"column":6},"end":{"line":133,"column":7}},"51":{"start":{"line":130,"column":8},"end":{"line":132,"column":10}},"52":{"start":{"line":135,"column":6},"end":{"line":135,"column":36}},"53":{"start":{"line":137,"column":6},"end":{"line":137,"column":56}},"54":{"start":{"line":143,"column":0},"end":{"line":162,"column":2}},"55":{"start":{"line":147,"column":4},"end":{"line":160,"column":5}},"56":{"start":{"line":148,"column":21},"end":{"line":148,"column":56}},"57":{"start":{"line":150,"column":6},"end":{"line":152,"column":7}},"58":{"start":{"line":151,"column":8},"end":{"line":151,"column":66}},"59":{"start":{"line":154,"column":6},"end":{"line":157,"column":9}},"60":{"start":{"line":159,"column":6},"end":{"line":159,"column":56}},"61":{"start":{"line":165,"column":0},"end":{"line":183,"column":2}},"62":{"start":{"line":168,"column":4},"end":{"line":181,"column":5}},"63":{"start":{"line":169,"column":6},"end":{"line":174,"column":9}},"64":{"start":{"line":175,"column":6},"end":{"line":178,"column":9}},"65":{"start":{"line":180,"column":6},"end":{"line":180,"column":56}},"66":{"start":{"line":186,"column":0},"end":{"line":199,"column":2}},"67":{"start":{"line":189,"column":4},"end":{"line":197,"column":5}},"68":{"start":{"line":190,"column":19},"end":{"line":190,"column":53}},"69":{"start":{"line":191,"column":6},"end":{"line":194,"column":9}},"70":{"start":{"line":196,"column":6},"end":{"line":196,"column":56}},"71":{"start":{"line":202,"column":0},"end":{"line":234,"column":2}},"72":{"start":{"line":206,"column":4},"end":{"line":232,"column":5}},"73":{"start":{"line":207,"column":25},"end":{"line":207,"column":60}},"74":{"start":{"line":209,"column":24},"end":{"line":209,"column":53}},"75":{"start":{"line":211,"column":8},"end":{"line":211,"column":54}},"76":{"start":{"line":213,"column":24},"end":{"line":216,"column":10}},"77":{"start":{"line":218,"column":8},"end":{"line":221,"column":10}},"78":{"start":{"line":224,"column":6},"end":{"line":224,"column":32}},"79":{"start":{"line":226,"column":6},"end":{"line":229,"column":9}},"80":{"start":{"line":231,"column":6},"end":{"line":231,"column":56}},"81":{"start":{"line":237,"column":0},"end":{"line":266,"column":2}},"82":{"start":{"line":241,"column":4},"end":{"line":264,"column":5}},"83":{"start":{"line":242,"column":67},"end":{"line":242,"column":75}},"84":{"start":{"line":244,"column":19},"end":{"line":244,"column":53}},"85":{"start":{"line":246,"column":6},"end":{"line":248,"column":7}},"86":{"start":{"line":247,"column":8},"end":{"line":247,"column":61}},"87":{"start":{"line":250,"column":6},"end":{"line":250,"column":23}},"88":{"start":{"line":251,"column":6},"end":{"line":251,"column":37}},"89":{"start":{"line":252,"column":6},"end":{"line":252,"column":29}},"90":{"start":{"line":253,"column":6},"end":{"line":253,"column":37}},"91":{"start":{"line":254,"column":6},"end":{"line":254,"column":29}},"92":{"start":{"line":256,"column":6},"end":{"line":256,"column":24}},"93":{"start":{"line":258,"column":6},"end":{"line":261,"column":9}},"94":{"start":{"line":263,"column":6},"end":{"line":263,"column":56}},"95":{"start":{"line":269,"column":0},"end":{"line":286,"column":2}},"96":{"start":{"line":274,"column":4},"end":{"line":284,"column":5}},"97":{"start":{"line":275,"column":22},"end":{"line":277,"column":8}},"98":{"start":{"line":278,"column":6},"end":{"line":281,"column":9}},"99":{"start":{"line":283,"column":6},"end":{"line":283,"column":56}},"100":{"start":{"line":289,"column":0},"end":{"line":313,"column":2}},"101":{"start":{"line":294,"column":4},"end":{"line":311,"column":5}},"102":{"start":{"line":295,"column":21},"end":{"line":295,"column":55}},"103":{"start":{"line":297,"column":6},"end":{"line":301,"column":7}},"104":{"start":{"line":298,"column":8},"end":{"line":300,"column":10}},"105":{"start":{"line":303,"column":6},"end":{"line":303,"column":50}},"106":{"start":{"line":305,"column":6},"end":{"line":308,"column":9}},"107":{"start":{"line":310,"column":6},"end":{"line":310,"column":56}},"108":{"start":{"line":316,"column":0},"end":{"line":335,"column":2}},"109":{"start":{"line":320,"column":4},"end":{"line":333,"column":5}},"110":{"start":{"line":321,"column":33},"end":{"line":321,"column":41}},"111":{"start":{"line":323,"column":21},"end":{"line":325,"column":8}},"112":{"start":{"line":327,"column":6},"end":{"line":330,"column":9}},"113":{"start":{"line":332,"column":6},"end":{"line":332,"column":56}},"114":{"start":{"line":338,"column":0},"end":{"line":361,"column":2}},"115":{"start":{"line":342,"column":4},"end":{"line":359,"column":5}},"116":{"start":{"line":343,"column":21},"end":{"line":343,"column":56}},"117":{"start":{"line":345,"column":6},"end":{"line":347,"column":7}},"118":{"start":{"line":346,"column":8},"end":{"line":346,"column":76}},"119":{"start":{"line":349,"column":6},"end":{"line":349,"column":35}},"120":{"start":{"line":351,"column":6},"end":{"line":351,"column":26}},"121":{"start":{"line":353,"column":6},"end":{"line":356,"column":9}},"122":{"start":{"line":358,"column":6},"end":{"line":358,"column":56}},"123":{"start":{"line":363,"column":0},"end":{"line":363,"column":24}}},"fnMap":{"0":{"name":"(anonymous_0)","decl":{"start":{"line":14,"column":45},"end":{"line":14,"column":46}},"loc":{"start":{"line":14,"column":71},"end":{"line":60,"column":1}},"line":14},"1":{"name":"(anonymous_1)","decl":{"start":{"line":63,"column":30},"end":{"line":63,"column":31}},"loc":{"start":{"line":63,"column":42},"end":{"line":67,"column":1}},"line":63},"2":{"name":"(anonymous_2)","decl":{"start":{"line":72,"column":19},"end":{"line":72,"column":20}},"loc":{"start":{"line":72,"column":45},"end":{"line":107,"column":3}},"line":72},"3":{"name":"(anonymous_3)","decl":{"start":{"line":113,"column":19},"end":{"line":113,"column":20}},"loc":{"start":{"line":113,"column":45},"end":{"line":139,"column":3}},"line":113},"4":{"name":"(anonymous_4)","decl":{"start":{"line":146,"column":19},"end":{"line":146,"column":20}},"loc":{"start":{"line":146,"column":45},"end":{"line":161,"column":3}},"line":146},"5":{"name":"(anonymous_5)","decl":{"start":{"line":167,"column":19},"end":{"line":167,"column":20}},"loc":{"start":{"line":167,"column":45},"end":{"line":182,"column":3}},"line":167},"6":{"name":"(anonymous_6)","decl":{"start":{"line":188,"column":19},"end":{"line":188,"column":20}},"loc":{"start":{"line":188,"column":45},"end":{"line":198,"column":3}},"line":188},"7":{"name":"(anonymous_7)","decl":{"start":{"line":205,"column":19},"end":{"line":205,"column":20}},"loc":{"start":{"line":205,"column":45},"end":{"line":233,"column":3}},"line":205},"8":{"name":"(anonymous_8)","decl":{"start":{"line":240,"column":19},"end":{"line":240,"column":20}},"loc":{"start":{"line":240,"column":45},"end":{"line":265,"column":3}},"line":240},"9":{"name":"(anonymous_9)","decl":{"start":{"line":273,"column":19},"end":{"line":273,"column":20}},"loc":{"start":{"line":273,"column":45},"end":{"line":285,"column":3}},"line":273},"10":{"name":"(anonymous_10)","decl":{"start":{"line":293,"column":19},"end":{"line":293,"column":20}},"loc":{"start":{"line":293,"column":45},"end":{"line":312,"column":3}},"line":293},"11":{"name":"(anonymous_11)","decl":{"start":{"line":319,"column":19},"end":{"line":319,"column":20}},"loc":{"start":{"line":319,"column":45},"end":{"line":334,"column":3}},"line":319},"12":{"name":"(anonymous_12)","decl":{"start":{"line":341,"column":19},"end":{"line":341,"column":20}},"loc":{"start":{"line":341,"column":45},"end":{"line":360,"column":3}},"line":341}},"branchMap":{"0":{"loc":{"start":{"line":18,"column":4},"end":{"line":20,"column":5}},"type":"if","locations":[{"start":{"line":18,"column":4},"end":{"line":20,"column":5}},{"start":{},"end":{}}],"line":18},"1":{"loc":{"start":{"line":81,"column":6},"end":{"line":83,"column":7}},"type":"if","locations":[{"start":{"line":81,"column":6},"end":{"line":83,"column":7}},{"start":{},"end":{}}],"line":81},"2":{"loc":{"start":{"line":89,"column":6},"end":{"line":91,"column":7}},"type":"if","locations":[{"start":{"line":89,"column":6},"end":{"line":91,"column":7}},{"start":{},"end":{}}],"line":89},"3":{"loc":{"start":{"line":117,"column":6},"end":{"line":119,"column":7}},"type":"if","locations":[{"start":{"line":117,"column":6},"end":{"line":119,"column":7}},{"start":{},"end":{}}],"line":117},"4":{"loc":{"start":{"line":117,"column":10},"end":{"line":117,"column":29}},"type":"binary-expr","locations":[{"start":{"line":117,"column":10},"end":{"line":117,"column":16}},{"start":{"line":117,"column":20},"end":{"line":117,"column":29}}],"line":117},"5":{"loc":{"start":{"line":123,"column":6},"end":{"line":125,"column":7}},"type":"if","locations":[{"start":{"line":123,"column":6},"end":{"line":125,"column":7}},{"start":{},"end":{}}],"line":123},"6":{"loc":{"start":{"line":129,"column":6},"end":{"line":133,"column":7}},"type":"if","locations":[{"start":{"line":129,"column":6},"end":{"line":133,"column":7}},{"start":{},"end":{}}],"line":129},"7":{"loc":{"start":{"line":150,"column":6},"end":{"line":152,"column":7}},"type":"if","locations":[{"start":{"line":150,"column":6},"end":{"line":152,"column":7}},{"start":{},"end":{}}],"line":150},"8":{"loc":{"start":{"line":246,"column":6},"end":{"line":248,"column":7}},"type":"if","locations":[{"start":{"line":246,"column":6},"end":{"line":248,"column":7}},{"start":{},"end":{}}],"line":246},"9":{"loc":{"start":{"line":297,"column":6},"end":{"line":301,"column":7}},"type":"if","locations":[{"start":{"line":297,"column":6},"end":{"line":301,"column":7}},{"start":{},"end":{}}],"line":297},"10":{"loc":{"start":{"line":345,"column":6},"end":{"line":347,"column":7}},"type":"if","locations":[{"start":{"line":345,"column":6},"end":{"line":347,"column":7}},{"start":{},"end":{}}],"line":345}},"s":{"0":1,"1":1,"2":1,"3":1,"4":1,"5":1,"6":1,"7":1,"8":1,"9":1,"10":1,"11":1,"12":5,"13":5,"14":5,"15":5,"16":1,"17":4,"18":3,"19":0,"20":0,"21":0,"22":0,"23":0,"24":0,"25":4,"26":1,"27":0,"28":1,"29":4,"30":4,"31":4,"32":3,"33":1,"34":2,"35":2,"36":2,"37":1,"38":1,"39":1,"40":1,"41":1,"42":4,"43":4,"44":4,"45":1,"46":3,"47":3,"48":1,"49":2,"50":2,"51":1,"52":1,"53":0,"54":1,"55":2,"56":2,"57":0,"58":0,"59":0,"60":2,"61":1,"62":1,"63":1,"64":1,"65":0,"66":1,"67":3,"68":3,"69":2,"70":1,"71":1,"72":3,"73":3,"74":0,"75":0,"76":0,"77":0,"78":0,"79":0,"80":3,"81":1,"82":3,"83":3,"84":3,"85":0,"86":0,"87":0,"88":0,"89":0,"90":0,"91":0,"92":0,"93":0,"94":3,"95":1,"96":3,"97":3,"98":2,"99":1,"100":1,"101":3,"102":3,"103":2,"104":1,"105":1,"106":1,"107":1,"108":1,"109":2,"110":2,"111":2,"112":0,"113":2,"114":1,"115":2,"116":2,"117":0,"118":0,"119":0,"120":0,"121":0,"122":2,"123":1},"f":{"0":5,"1":0,"2":4,"3":4,"4":2,"5":1,"6":3,"7":3,"8":3,"9":3,"10":3,"11":2,"12":2},"b":{"0":[1,4],"1":[1,2],"2":[1,1],"3":[1,3],"4":[4,4],"5":[1,2],"6":[1,1],"7":[0,0],"8":[0,0],"9":[1,1],"10":[0,0]},"_coverageSchema":"1a1c01bbd47fc00a2c39e90264f33305004495a9","hash":"f2db24ff19782c5e3108f0e2bde813ced5d9b14f"}
,"D:\\Năm 4\\Kì 2\\SQA\\Eshop\\Eshop-tutorial\\backend\\controller\\user.js": {"path":"D:\\Năm 4\\Kì 2\\SQA\\Eshop\\Eshop-tutorial\\backend\\controller\\user.js","statementMap":{"0":{"start":{"line":1,"column":16},"end":{"line":1,"column":34}},"1":{"start":{"line":2,"column":13},"end":{"line":2,"column":37}},"2":{"start":{"line":3,"column":15},"end":{"line":3,"column":31}},"3":{"start":{"line":4,"column":19},"end":{"line":4,"column":40}},"4":{"start":{"line":5,"column":21},"end":{"line":5,"column":53}},"5":{"start":{"line":6,"column":25},"end":{"line":6,"column":66}},"6":{"start":{"line":7,"column":12},"end":{"line":7,"column":35}},"7":{"start":{"line":8,"column":17},"end":{"line":8,"column":45}},"8":{"start":{"line":9,"column":18},"end":{"line":9,"column":46}},"9":{"start":{"line":10,"column":37},"end":{"line":10,"column":66}},"10":{"start":{"line":13,"column":0},"end":{"line":56,"column":3}},"11":{"start":{"line":14,"column":2},"end":{"line":55,"column":3}},"12":{"start":{"line":15,"column":46},"end":{"line":15,"column":54}},"13":{"start":{"line":16,"column":22},"end":{"line":16,"column":51}},"14":{"start":{"line":18,"column":4},"end":{"line":20,"column":5}},"15":{"start":{"line":19,"column":6},"end":{"line":19,"column":64}},"16":{"start":{"line":22,"column":20},"end":{"line":24,"column":6}},"17":{"start":{"line":26,"column":17},"end":{"line":34,"column":5}},"18":{"start":{"line":36,"column":28},"end":{"line":36,"column":55}},"19":{"start":{"line":38,"column":26},"end":{"line":38,"column":79}},"20":{"start":{"line":40,"column":4},"end":{"line":52,"column":5}},"21":{"start":{"line":41,"column":6},"end":{"line":45,"column":9}},"22":{"start":{"line":46,"column":6},"end":{"line":49,"column":9}},"23":{"start":{"line":51,"column":6},"end":{"line":51,"column":56}},"24":{"start":{"line":54,"column":4},"end":{"line":54,"column":54}},"25":{"start":{"line":59,"column":30},"end":{"line":63,"column":1}},"26":{"start":{"line":60,"column":2},"end":{"line":62,"column":5}},"27":{"start":{"line":66,"column":0},"end":{"line":99,"column":2}},"28":{"start":{"line":69,"column":4},"end":{"line":97,"column":5}},"29":{"start":{"line":70,"column":35},"end":{"line":70,"column":43}},"30":{"start":{"line":72,"column":22},"end":{"line":75,"column":7}},"31":{"start":{"line":77,"column":6},"end":{"line":79,"column":7}},"32":{"start":{"line":78,"column":8},"end":{"line":78,"column":60}},"33":{"start":{"line":80,"column":48},"end":{"line":80,"column":55}},"34":{"start":{"line":82,"column":17},"end":{"line":82,"column":46}},"35":{"start":{"line":84,"column":6},"end":{"line":86,"column":7}},"36":{"start":{"line":85,"column":8},"end":{"line":85,"column":66}},"37":{"start":{"line":87,"column":6},"end":{"line":92,"column":9}},"38":{"start":{"line":94,"column":6},"end":{"line":94,"column":32}},"39":{"start":{"line":96,"column":6},"end":{"line":96,"column":56}},"40":{"start":{"line":102,"column":0},"end":{"line":131,"column":2}},"41":{"start":{"line":105,"column":4},"end":{"line":129,"column":5}},"42":{"start":{"line":106,"column":34},"end":{"line":106,"column":42}},"43":{"start":{"line":108,"column":6},"end":{"line":110,"column":7}},"44":{"start":{"line":109,"column":8},"end":{"line":109,"column":77}},"45":{"start":{"line":112,"column":19},"end":{"line":112,"column":68}},"46":{"start":{"line":114,"column":6},"end":{"line":116,"column":7}},"47":{"start":{"line":115,"column":8},"end":{"line":115,"column":67}},"48":{"start":{"line":118,"column":30},"end":{"line":118,"column":66}},"49":{"start":{"line":120,"column":6},"end":{"line":124,"column":7}},"50":{"start":{"line":121,"column":8},"end":{"line":123,"column":10}},"51":{"start":{"line":126,"column":6},"end":{"line":126,"column":32}},"52":{"start":{"line":128,"column":6},"end":{"line":128,"column":56}},"53":{"start":{"line":134,"column":0},"end":{"line":153,"column":2}},"54":{"start":{"line":138,"column":4},"end":{"line":151,"column":5}},"55":{"start":{"line":139,"column":19},"end":{"line":139,"column":51}},"56":{"start":{"line":141,"column":6},"end":{"line":143,"column":7}},"57":{"start":{"line":142,"column":8},"end":{"line":142,"column":66}},"58":{"start":{"line":145,"column":6},"end":{"line":148,"column":9}},"59":{"start":{"line":150,"column":6},"end":{"line":150,"column":56}},"60":{"start":{"line":156,"column":0},"end":{"line":174,"column":2}},"61":{"start":{"line":159,"column":4},"end":{"line":172,"column":5}},"62":{"start":{"line":160,"column":6},"end":{"line":165,"column":9}},"63":{"start":{"line":166,"column":6},"end":{"line":169,"column":9}},"64":{"start":{"line":171,"column":6},"end":{"line":171,"column":56}},"65":{"start":{"line":177,"column":0},"end":{"line":212,"column":2}},"66":{"start":{"line":181,"column":4},"end":{"line":210,"column":5}},"67":{"start":{"line":182,"column":53},"end":{"line":182,"column":61}},"68":{"start":{"line":184,"column":19},"end":{"line":184,"column":68}},"69":{"start":{"line":186,"column":6},"end":{"line":188,"column":7}},"70":{"start":{"line":187,"column":8},"end":{"line":187,"column":61}},"71":{"start":{"line":190,"column":30},"end":{"line":190,"column":66}},"72":{"start":{"line":192,"column":6},"end":{"line":196,"column":7}},"73":{"start":{"line":193,"column":8},"end":{"line":195,"column":10}},"74":{"start":{"line":198,"column":6},"end":{"line":198,"column":23}},"75":{"start":{"line":199,"column":6},"end":{"line":199,"column":25}},"76":{"start":{"line":200,"column":6},"end":{"line":200,"column":37}},"77":{"start":{"line":202,"column":6},"end":{"line":202,"column":24}},"78":{"start":{"line":204,"column":6},"end":{"line":207,"column":9}},"79":{"start":{"line":209,"column":6},"end":{"line":209,"column":56}},"80":{"start":{"line":215,"column":0},"end":{"line":247,"column":2}},"81":{"start":{"line":219,"column":4},"end":{"line":245,"column":5}},"82":{"start":{"line":220,"column":23},"end":{"line":220,"column":55}},"83":{"start":{"line":221,"column":6},"end":{"line":235,"column":7}},"84":{"start":{"line":222,"column":24},"end":{"line":222,"column":51}},"85":{"start":{"line":224,"column":8},"end":{"line":224,"column":54}},"86":{"start":{"line":226,"column":24},"end":{"line":229,"column":10}},"87":{"start":{"line":231,"column":8},"end":{"line":234,"column":10}},"88":{"start":{"line":237,"column":6},"end":{"line":237,"column":30}},"89":{"start":{"line":239,"column":6},"end":{"line":242,"column":9}},"90":{"start":{"line":244,"column":6},"end":{"line":244,"column":56}},"91":{"start":{"line":250,"column":0},"end":{"line":287,"column":2}},"92":{"start":{"line":254,"column":4},"end":{"line":285,"column":5}},"93":{"start":{"line":255,"column":19},"end":{"line":255,"column":51}},"94":{"start":{"line":257,"column":30},"end":{"line":259,"column":7}},"95":{"start":{"line":258,"column":21},"end":{"line":258,"column":65}},"96":{"start":{"line":260,"column":6},"end":{"line":264,"column":7}},"97":{"start":{"line":261,"column":8},"end":{"line":263,"column":10}},"98":{"start":{"line":266,"column":28},"end":{"line":268,"column":7}},"99":{"start":{"line":267,"column":21},"end":{"line":267,"column":49}},"100":{"start":{"line":270,"column":6},"end":{"line":275,"column":7}},"101":{"start":{"line":271,"column":8},"end":{"line":271,"column":47}},"102":{"start":{"line":274,"column":8},"end":{"line":274,"column":38}},"103":{"start":{"line":277,"column":6},"end":{"line":277,"column":24}},"104":{"start":{"line":279,"column":6},"end":{"line":282,"column":9}},"105":{"start":{"line":284,"column":6},"end":{"line":284,"column":56}},"106":{"start":{"line":290,"column":0},"end":{"line":312,"column":2}},"107":{"start":{"line":294,"column":4},"end":{"line":310,"column":5}},"108":{"start":{"line":295,"column":21},"end":{"line":295,"column":33}},"109":{"start":{"line":296,"column":24},"end":{"line":296,"column":37}},"110":{"start":{"line":298,"column":6},"end":{"line":303,"column":8}},"111":{"start":{"line":305,"column":19},"end":{"line":305,"column":46}},"112":{"start":{"line":307,"column":6},"end":{"line":307,"column":52}},"113":{"start":{"line":309,"column":6},"end":{"line":309,"column":56}},"114":{"start":{"line":315,"column":0},"end":{"line":347,"column":2}},"115":{"start":{"line":319,"column":4},"end":{"line":345,"column":5}},"116":{"start":{"line":320,"column":19},"end":{"line":320,"column":71}},"117":{"start":{"line":322,"column":32},"end":{"line":324,"column":7}},"118":{"start":{"line":326,"column":6},"end":{"line":328,"column":7}},"119":{"start":{"line":327,"column":8},"end":{"line":327,"column":73}},"120":{"start":{"line":330,"column":6},"end":{"line":334,"column":7}},"121":{"start":{"line":331,"column":8},"end":{"line":333,"column":10}},"122":{"start":{"line":335,"column":6},"end":{"line":335,"column":43}},"123":{"start":{"line":337,"column":6},"end":{"line":337,"column":24}},"124":{"start":{"line":339,"column":6},"end":{"line":342,"column":9}},"125":{"start":{"line":344,"column":6},"end":{"line":344,"column":56}},"126":{"start":{"line":350,"column":0},"end":{"line":364,"column":2}},"127":{"start":{"line":353,"column":4},"end":{"line":362,"column":5}},"128":{"start":{"line":354,"column":19},"end":{"line":354,"column":53}},"129":{"start":{"line":356,"column":6},"end":{"line":359,"column":9}},"130":{"start":{"line":361,"column":6},"end":{"line":361,"column":56}},"131":{"start":{"line":367,"column":0},"end":{"line":384,"column":2}},"132":{"start":{"line":372,"column":4},"end":{"line":382,"column":5}},"133":{"start":{"line":373,"column":20},"end":{"line":375,"column":8}},"134":{"start":{"line":376,"column":6},"end":{"line":379,"column":9}},"135":{"start":{"line":381,"column":6},"end":{"line":381,"column":56}},"136":{"start":{"line":387,"column":0},"end":{"line":415,"column":2}},"137":{"start":{"line":392,"column":4},"end":{"line":413,"column":5}},"138":{"start":{"line":393,"column":19},"end":{"line":393,"column":53}},"139":{"start":{"line":395,"column":6},"end":{"line":399,"column":7}},"140":{"start":{"line":396,"column":8},"end":{"line":398,"column":10}},"141":{"start":{"line":401,"column":22},"end":{"line":401,"column":43}},"142":{"start":{"line":403,"column":6},"end":{"line":403,"column":52}},"143":{"start":{"line":405,"column":6},"end":{"line":405,"column":50}},"144":{"start":{"line":407,"column":6},"end":{"line":410,"column":9}},"145":{"start":{"line":412,"column":6},"end":{"line":412,"column":56}},"146":{"start":{"line":417,"column":0},"end":{"line":417,"column":24}}},"fnMap":{"0":{"name":"(anonymous_0)","decl":{"start":{"line":13,"column":28},"end":{"line":13,"column":29}},"loc":{"start":{"line":13,"column":54},"end":{"line":56,"column":1}},"line":13},"1":{"name":"(anonymous_1)","decl":{"start":{"line":59,"column":30},"end":{"line":59,"column":31}},"loc":{"start":{"line":59,"column":40},"end":{"line":63,"column":1}},"line":59},"2":{"name":"(anonymous_2)","decl":{"start":{"line":68,"column":19},"end":{"line":68,"column":20}},"loc":{"start":{"line":68,"column":45},"end":{"line":98,"column":3}},"line":68},"3":{"name":"(anonymous_3)","decl":{"start":{"line":104,"column":19},"end":{"line":104,"column":20}},"loc":{"start":{"line":104,"column":45},"end":{"line":130,"column":3}},"line":104},"4":{"name":"(anonymous_4)","decl":{"start":{"line":137,"column":19},"end":{"line":137,"column":20}},"loc":{"start":{"line":137,"column":45},"end":{"line":152,"column":3}},"line":137},"5":{"name":"(anonymous_5)","decl":{"start":{"line":158,"column":19},"end":{"line":158,"column":20}},"loc":{"start":{"line":158,"column":45},"end":{"line":173,"column":3}},"line":158},"6":{"name":"(anonymous_6)","decl":{"start":{"line":180,"column":19},"end":{"line":180,"column":20}},"loc":{"start":{"line":180,"column":45},"end":{"line":211,"column":3}},"line":180},"7":{"name":"(anonymous_7)","decl":{"start":{"line":218,"column":19},"end":{"line":218,"column":20}},"loc":{"start":{"line":218,"column":45},"end":{"line":246,"column":3}},"line":218},"8":{"name":"(anonymous_8)","decl":{"start":{"line":253,"column":19},"end":{"line":253,"column":20}},"loc":{"start":{"line":253,"column":45},"end":{"line":286,"column":3}},"line":253},"9":{"name":"(anonymous_9)","decl":{"start":{"line":258,"column":8},"end":{"line":258,"column":9}},"loc":{"start":{"line":258,"column":21},"end":{"line":258,"column":65}},"line":258},"10":{"name":"(anonymous_10)","decl":{"start":{"line":267,"column":8},"end":{"line":267,"column":9}},"loc":{"start":{"line":267,"column":21},"end":{"line":267,"column":49}},"line":267},"11":{"name":"(anonymous_11)","decl":{"start":{"line":293,"column":19},"end":{"line":293,"column":20}},"loc":{"start":{"line":293,"column":45},"end":{"line":311,"column":3}},"line":293},"12":{"name":"(anonymous_12)","decl":{"start":{"line":318,"column":19},"end":{"line":318,"column":20}},"loc":{"start":{"line":318,"column":45},"end":{"line":346,"column":3}},"line":318},"13":{"name":"(anonymous_13)","decl":{"start":{"line":352,"column":19},"end":{"line":352,"column":20}},"loc":{"start":{"line":352,"column":45},"end":{"line":363,"column":3}},"line":352},"14":{"name":"(anonymous_14)","decl":{"start":{"line":371,"column":19},"end":{"line":371,"column":20}},"loc":{"start":{"line":371,"column":45},"end":{"line":383,"column":3}},"line":371},"15":{"name":"(anonymous_15)","decl":{"start":{"line":391,"column":19},"end":{"line":391,"column":20}},"loc":{"start":{"line":391,"column":45},"end":{"line":414,"column":3}},"line":391}},"branchMap":{"0":{"loc":{"start":{"line":18,"column":4},"end":{"line":20,"column":5}},"type":"if","locations":[{"start":{"line":18,"column":4},"end":{"line":20,"column":5}},{"start":{},"end":{}}],"line":18},"1":{"loc":{"start":{"line":77,"column":6},"end":{"line":79,"column":7}},"type":"if","locations":[{"start":{"line":77,"column":6},"end":{"line":79,"column":7}},{"start":{},"end":{}}],"line":77},"2":{"loc":{"start":{"line":84,"column":6},"end":{"line":86,"column":7}},"type":"if","locations":[{"start":{"line":84,"column":6},"end":{"line":86,"column":7}},{"start":{},"end":{}}],"line":84},"3":{"loc":{"start":{"line":108,"column":6},"end":{"line":110,"column":7}},"type":"if","locations":[{"start":{"line":108,"column":6},"end":{"line":110,"column":7}},{"start":{},"end":{}}],"line":108},"4":{"loc":{"start":{"line":108,"column":10},"end":{"line":108,"column":29}},"type":"binary-expr","locations":[{"start":{"line":108,"column":10},"end":{"line":108,"column":16}},{"start":{"line":108,"column":20},"end":{"line":108,"column":29}}],"line":108},"5":{"loc":{"start":{"line":114,"column":6},"end":{"line":116,"column":7}},"type":"if","locations":[{"start":{"line":114,"column":6},"end":{"line":116,"column":7}},{"start":{},"end":{}}],"line":114},"6":{"loc":{"start":{"line":120,"column":6},"end":{"line":124,"column":7}},"type":"if","locations":[{"start":{"line":120,"column":6},"end":{"line":124,"column":7}},{"start":{},"end":{}}],"line":120},"7":{"loc":{"start":{"line":141,"column":6},"end":{"line":143,"column":7}},"type":"if","locations":[{"start":{"line":141,"column":6},"end":{"line":143,"column":7}},{"start":{},"end":{}}],"line":141},"8":{"loc":{"start":{"line":186,"column":6},"end":{"line":188,"column":7}},"type":"if","locations":[{"start":{"line":186,"column":6},"end":{"line":188,"column":7}},{"start":{},"end":{}}],"line":186},"9":{"loc":{"start":{"line":192,"column":6},"end":{"line":196,"column":7}},"type":"if","locations":[{"start":{"line":192,"column":6},"end":{"line":196,"column":7}},{"start":{},"end":{}}],"line":192},"10":{"loc":{"start":{"line":221,"column":6},"end":{"line":235,"column":7}},"type":"if","locations":[{"start":{"line":221,"column":6},"end":{"line":235,"column":7}},{"start":{},"end":{}}],"line":221},"11":{"loc":{"start":{"line":260,"column":6},"end":{"line":264,"column":7}},"type":"if","locations":[{"start":{"line":260,"column":6},"end":{"line":264,"column":7}},{"start":{},"end":{}}],"line":260},"12":{"loc":{"start":{"line":270,"column":6},"end":{"line":275,"column":7}},"type":"if","locations":[{"start":{"line":270,"column":6},"end":{"line":275,"column":7}},{"start":{"line":272,"column":13},"end":{"line":275,"column":7}}],"line":270},"13":{"loc":{"start":{"line":326,"column":6},"end":{"line":328,"column":7}},"type":"if","locations":[{"start":{"line":326,"column":6},"end":{"line":328,"column":7}},{"start":{},"end":{}}],"line":326},"14":{"loc":{"start":{"line":330,"column":6},"end":{"line":334,"column":7}},"type":"if","locations":[{"start":{"line":330,"column":6},"end":{"line":334,"column":7}},{"start":{},"end":{}}],"line":330},"15":{"loc":{"start":{"line":395,"column":6},"end":{"line":399,"column":7}},"type":"if","locations":[{"start":{"line":395,"column":6},"end":{"line":399,"column":7}},{"start":{},"end":{}}],"line":395}},"s":{"0":1,"1":1,"2":1,"3":1,"4":1,"5":1,"6":1,"7":1,"8":1,"9":1,"10":1,"11":5,"12":5,"13":5,"14":5,"15":1,"16":4,"17":3,"18":0,"19":0,"20":0,"21":0,"22":0,"23":0,"24":4,"25":1,"26":0,"27":1,"28":4,"29":4,"30":4,"31":3,"32":1,"33":2,"34":2,"35":2,"36":1,"37":1,"38":1,"39":1,"40":1,"41":4,"42":4,"43":4,"44":1,"45":3,"46":3,"47":1,"48":2,"49":2,"50":1,"51":1,"52":0,"53":1,"54":2,"55":2,"56":2,"57":1,"58":1,"59":0,"60":1,"61":1,"62":1,"63":1,"64":0,"65":1,"66":3,"67":3,"68":3,"69":3,"70":1,"71":2,"72":2,"73":1,"74":1,"75":1,"76":1,"77":1,"78":1,"79":0,"80":1,"81":3,"82":3,"83":3,"84":2,"85":2,"86":2,"87":1,"88":1,"89":1,"90":2,"91":1,"92":3,"93":3,"94":3,"95":2,"96":3,"97":1,"98":2,"99":1,"100":2,"101":0,"102":2,"103":2,"104":2,"105":0,"106":1,"107":2,"108":2,"109":2,"110":2,"111":2,"112":2,"113":0,"114":1,"115":3,"116":3,"117":3,"118":3,"119":1,"120":2,"121":1,"122":1,"123":1,"124":1,"125":0,"126":1,"127":3,"128":3,"129":2,"130":1,"131":1,"132":3,"133":3,"134":2,"135":1,"136":1,"137":3,"138":3,"139":2,"140":1,"141":1,"142":1,"143":1,"144":1,"145":1,"146":1},"f":{"0":5,"1":0,"2":4,"3":4,"4":2,"5":1,"6":3,"7":3,"8":3,"9":2,"10":1,"11":2,"12":3,"13":3,"14":3,"15":3},"b":{"0":[1,4],"1":[1,2],"2":[1,1],"3":[1,3],"4":[4,4],"5":[1,2],"6":[1,1],"7":[1,1],"8":[1,2],"9":[1,1],"10":[2,1],"11":[1,2],"12":[0,2],"13":[1,2],"14":[1,1],"15":[1,1]},"_coverageSchema":"1a1c01bbd47fc00a2c39e90264f33305004495a9","hash":"585c0868b14bebe8308c682dd40f32434590ebb4"}
,"D:\\Năm 4\\Kì 2\\SQA\\Eshop\\Eshop-tutorial\\backend\\controller\\withdraw.js": {"path":"D:\\Năm 4\\Kì 2\\SQA\\Eshop\\Eshop-tutorial\\backend\\controller\\withdraw.js","statementMap":{"0":{"start":{"line":1,"column":13},"end":{"line":1,"column":37}},"1":{"start":{"line":2,"column":21},"end":{"line":2,"column":53}},"2":{"start":{"line":3,"column":25},"end":{"line":3,"column":66}},"3":{"start":{"line":4,"column":16},"end":{"line":4,"column":34}},"4":{"start":{"line":5,"column":47},"end":{"line":5,"column":76}},"5":{"start":{"line":6,"column":17},"end":{"line":6,"column":45}},"6":{"start":{"line":7,"column":17},"end":{"line":7,"column":45}},"7":{"start":{"line":8,"column":15},"end":{"line":8,"column":31}},"8":{"start":{"line":11,"column":0},"end":{"line":52,"column":2}},"9":{"start":{"line":15,"column":4},"end":{"line":50,"column":5}},"10":{"start":{"line":16,"column":25},"end":{"line":16,"column":33}},"11":{"start":{"line":18,"column":19},"end":{"line":21,"column":7}},"12":{"start":{"line":23,"column":6},"end":{"line":34,"column":7}},"13":{"start":{"line":24,"column":8},"end":{"line":28,"column":11}},"14":{"start":{"line":29,"column":8},"end":{"line":31,"column":11}},"15":{"start":{"line":33,"column":8},"end":{"line":33,"column":58}},"16":{"start":{"line":36,"column":23},"end":{"line":36,"column":50}},"17":{"start":{"line":38,"column":19},"end":{"line":38,"column":54}},"18":{"start":{"line":40,"column":6},"end":{"line":40,"column":61}},"19":{"start":{"line":42,"column":6},"end":{"line":42,"column":24}},"20":{"start":{"line":44,"column":6},"end":{"line":47,"column":9}},"21":{"start":{"line":49,"column":6},"end":{"line":49,"column":56}},"22":{"start":{"line":56,"column":0},"end":{"line":72,"column":2}},"23":{"start":{"line":61,"column":4},"end":{"line":70,"column":5}},"24":{"start":{"line":62,"column":24},"end":{"line":62,"column":69}},"25":{"start":{"line":64,"column":6},"end":{"line":67,"column":9}},"26":{"start":{"line":69,"column":6},"end":{"line":69,"column":56}},"27":{"start":{"line":75,"column":0},"end":{"line":122,"column":2}},"28":{"start":{"line":80,"column":4},"end":{"line":120,"column":5}},"29":{"start":{"line":81,"column":27},"end":{"line":81,"column":35}},"30":{"start":{"line":83,"column":23},"end":{"line":90,"column":7}},"31":{"start":{"line":92,"column":21},"end":{"line":92,"column":50}},"32":{"start":{"line":94,"column":26},"end":{"line":99,"column":7}},"33":{"start":{"line":101,"column":6},"end":{"line":101,"column":66}},"34":{"start":{"line":103,"column":6},"end":{"line":103,"column":26}},"35":{"start":{"line":105,"column":6},"end":{"line":113,"column":7}},"36":{"start":{"line":106,"column":8},"end":{"line":110,"column":11}},"37":{"start":{"line":112,"column":8},"end":{"line":112,"column":58}},"38":{"start":{"line":114,"column":6},"end":{"line":117,"column":9}},"39":{"start":{"line":119,"column":6},"end":{"line":119,"column":56}},"40":{"start":{"line":124,"column":0},"end":{"line":124,"column":24}}},"fnMap":{"0":{"name":"(anonymous_0)","decl":{"start":{"line":14,"column":19},"end":{"line":14,"column":20}},"loc":{"start":{"line":14,"column":45},"end":{"line":51,"column":3}},"line":14},"1":{"name":"(anonymous_1)","decl":{"start":{"line":60,"column":19},"end":{"line":60,"column":20}},"loc":{"start":{"line":60,"column":45},"end":{"line":71,"column":3}},"line":60},"2":{"name":"(anonymous_2)","decl":{"start":{"line":79,"column":19},"end":{"line":79,"column":20}},"loc":{"start":{"line":79,"column":45},"end":{"line":121,"column":3}},"line":79}},"branchMap":{},"s":{"0":1,"1":1,"2":1,"3":1,"4":1,"5":1,"6":1,"7":1,"8":1,"9":1,"10":1,"11":1,"12":1,"13":1,"14":1,"15":0,"16":1,"17":1,"18":0,"19":0,"20":0,"21":1,"22":1,"23":3,"24":3,"25":2,"26":1,"27":1,"28":5,"29":5,"30":5,"31":4,"32":4,"33":3,"34":2,"35":2,"36":2,"37":1,"38":1,"39":3,"40":1},"f":{"0":1,"1":3,"2":5},"b":{},"_coverageSchema":"1a1c01bbd47fc00a2c39e90264f33305004495a9","hash":"e919ab95eb1cdeb925bb23c1ef1f91486f3a12f2"}
,"D:\\Năm 4\\Kì 2\\SQA\\Eshop\\Eshop-tutorial\\backend\\model\\conversation.js": {"path":"D:\\Năm 4\\Kì 2\\SQA\\Eshop\\Eshop-tutorial\\backend\\model\\conversation.js","statementMap":{"0":{"start":{"line":1,"column":17},"end":{"line":1,"column":36}},"1":{"start":{"line":3,"column":27},"end":{"line":19,"column":1}},"2":{"start":{"line":21,"column":0},"end":{"line":21,"column":68}}},"fnMap":{},"branchMap":{},"s":{"0":1,"1":1,"2":1},"f":{},"b":{},"_coverageSchema":"1a1c01bbd47fc00a2c39e90264f33305004495a9","hash":"43d4459100a7122953259086e9639248cf686fe3"}
,"D:\\Năm 4\\Kì 2\\SQA\\Eshop\\Eshop-tutorial\\backend\\model\\coupounCode.js": {"path":"D:\\Năm 4\\Kì 2\\SQA\\Eshop\\Eshop-tutorial\\backend\\model\\coupounCode.js","statementMap":{"0":{"start":{"line":1,"column":17},"end":{"line":1,"column":36}},"1":{"start":{"line":3,"column":26},"end":{"line":30,"column":2}},"2":{"start":{"line":32,"column":0},"end":{"line":32,"column":66}}},"fnMap":{},"branchMap":{},"s":{"0":1,"1":1,"2":1},"f":{},"b":{},"_coverageSchema":"1a1c01bbd47fc00a2c39e90264f33305004495a9","hash":"af03c8657ee97115ccfae90dfff20fd78f6b4e6c"}
,"D:\\Năm 4\\Kì 2\\SQA\\Eshop\\Eshop-tutorial\\backend\\model\\event.js": {"path":"D:\\Năm 4\\Kì 2\\SQA\\Eshop\\Eshop-tutorial\\backend\\model\\event.js","statementMap":{"0":{"start":{"line":1,"column":17},"end":{"line":1,"column":36}},"1":{"start":{"line":3,"column":20},"end":{"line":70,"column":2}},"2":{"start":{"line":72,"column":0},"end":{"line":72,"column":54}}},"fnMap":{},"branchMap":{},"s":{"0":1,"1":1,"2":1},"f":{},"b":{},"_coverageSchema":"1a1c01bbd47fc00a2c39e90264f33305004495a9","hash":"a4b34d724ea9d5e8e317f2863ad1594d83c90f87"}
,"D:\\Năm 4\\Kì 2\\SQA\\Eshop\\Eshop-tutorial\\backend\\model\\messages.js": {"path":"D:\\Năm 4\\Kì 2\\SQA\\Eshop\\Eshop-tutorial\\backend\\model\\messages.js","statementMap":{"0":{"start":{"line":1,"column":17},"end":{"line":1,"column":36}},"1":{"start":{"line":3,"column":23},"end":{"line":24,"column":1}},"2":{"start":{"line":26,"column":0},"end":{"line":26,"column":60}}},"fnMap":{},"branchMap":{},"s":{"0":1,"1":1,"2":1},"f":{},"b":{},"_coverageSchema":"1a1c01bbd47fc00a2c39e90264f33305004495a9","hash":"25fd6dafbfe9611e0ee6a906d947e6405786c6dd"}
,"D:\\Năm 4\\Kì 2\\SQA\\Eshop\\Eshop-tutorial\\backend\\model\\order.js": {"path":"D:\\Năm 4\\Kì 2\\SQA\\Eshop\\Eshop-tutorial\\backend\\model\\order.js","statementMap":{"0":{"start":{"line":1,"column":17},"end":{"line":1,"column":36}},"1":{"start":{"line":3,"column":20},"end":{"line":46,"column":2}},"2":{"start":{"line":48,"column":0},"end":{"line":48,"column":54}}},"fnMap":{},"branchMap":{},"s":{"0":1,"1":1,"2":1},"f":{},"b":{},"_coverageSchema":"1a1c01bbd47fc00a2c39e90264f33305004495a9","hash":"e29c929dce8e2e7d037d5022613265fc686e7f98"}
,"D:\\Năm 4\\Kì 2\\SQA\\Eshop\\Eshop-tutorial\\backend\\model\\product.js": {"path":"D:\\Năm 4\\Kì 2\\SQA\\Eshop\\Eshop-tutorial\\backend\\model\\product.js","statementMap":{"0":{"start":{"line":1,"column":17},"end":{"line":1,"column":36}},"1":{"start":{"line":3,"column":22},"end":{"line":81,"column":2}},"2":{"start":{"line":83,"column":0},"end":{"line":83,"column":58}}},"fnMap":{},"branchMap":{},"s":{"0":2,"1":2,"2":2},"f":{},"b":{},"_coverageSchema":"1a1c01bbd47fc00a2c39e90264f33305004495a9","hash":"56e13e3649818adacc4a3903439db836c8ac6576"}
,"D:\\Năm 4\\Kì 2\\SQA\\Eshop\\Eshop-tutorial\\backend\\model\\shop.js": {"path":"D:\\Năm 4\\Kì 2\\SQA\\Eshop\\Eshop-tutorial\\backend\\model\\shop.js","statementMap":{"0":{"start":{"line":1,"column":17},"end":{"line":1,"column":36}},"1":{"start":{"line":2,"column":15},"end":{"line":2,"column":34}},"2":{"start":{"line":3,"column":12},"end":{"line":3,"column":35}},"3":{"start":{"line":5,"column":19},"end":{"line":81,"column":2}},"4":{"start":{"line":84,"column":0},"end":{"line":89,"column":3}},"5":{"start":{"line":85,"column":2},"end":{"line":87,"column":3}},"6":{"start":{"line":86,"column":4},"end":{"line":86,"column":11}},"7":{"start":{"line":88,"column":2},"end":{"line":88,"column":55}},"8":{"start":{"line":92,"column":0},"end":{"line":96,"column":2}},"9":{"start":{"line":93,"column":2},"end":{"line":95,"column":5}},"10":{"start":{"line":99,"column":0},"end":{"line":101,"column":2}},"11":{"start":{"line":100,"column":2},"end":{"line":100,"column":62}},"12":{"start":{"line":103,"column":0},"end":{"line":103,"column":52}}},"fnMap":{"0":{"name":"(anonymous_0)","decl":{"start":{"line":84,"column":23},"end":{"line":84,"column":24}},"loc":{"start":{"line":84,"column":45},"end":{"line":89,"column":1}},"line":84},"1":{"name":"(anonymous_1)","decl":{"start":{"line":92,"column":33},"end":{"line":92,"column":34}},"loc":{"start":{"line":92,"column":45},"end":{"line":96,"column":1}},"line":92},"2":{"name":"(anonymous_2)","decl":{"start":{"line":99,"column":37},"end":{"line":99,"column":38}},"loc":{"start":{"line":99,"column":70},"end":{"line":101,"column":1}},"line":99}},"branchMap":{"0":{"loc":{"start":{"line":85,"column":2},"end":{"line":87,"column":3}},"type":"if","locations":[{"start":{"line":85,"column":2},"end":{"line":87,"column":3}},{"start":{},"end":{}}],"line":85}},"s":{"0":5,"1":5,"2":5,"3":5,"4":5,"5":81,"6":2,"7":81,"8":5,"9":0,"10":5,"11":2,"12":5},"f":{"0":81,"1":0,"2":2},"b":{"0":[2,79]},"_coverageSchema":"1a1c01bbd47fc00a2c39e90264f33305004495a9","hash":"306a36a485723d4381046922f52bc3be4aac95a8"}
,"D:\\Năm 4\\Kì 2\\SQA\\Eshop\\Eshop-tutorial\\backend\\model\\user.js": {"path":"D:\\Năm 4\\Kì 2\\SQA\\Eshop\\Eshop-tutorial\\backend\\model\\user.js","statementMap":{"0":{"start":{"line":1,"column":17},"end":{"line":1,"column":36}},"1":{"start":{"line":2,"column":15},"end":{"line":2,"column":34}},"2":{"start":{"line":3,"column":12},"end":{"line":3,"column":35}},"3":{"start":{"line":5,"column":19},"end":{"line":65,"column":2}},"4":{"start":{"line":69,"column":0},"end":{"line":75,"column":3}},"5":{"start":{"line":70,"column":2},"end":{"line":72,"column":3}},"6":{"start":{"line":71,"column":4},"end":{"line":71,"column":11}},"7":{"start":{"line":74,"column":2},"end":{"line":74,"column":55}},"8":{"start":{"line":78,"column":0},"end":{"line":82,"column":2}},"9":{"start":{"line":79,"column":2},"end":{"line":81,"column":5}},"10":{"start":{"line":85,"column":0},"end":{"line":87,"column":2}},"11":{"start":{"line":86,"column":2},"end":{"line":86,"column":62}},"12":{"start":{"line":89,"column":0},"end":{"line":89,"column":52}}},"fnMap":{"0":{"name":"(anonymous_0)","decl":{"start":{"line":69,"column":23},"end":{"line":69,"column":24}},"loc":{"start":{"line":69,"column":44},"end":{"line":75,"column":1}},"line":69},"1":{"name":"(anonymous_1)","decl":{"start":{"line":78,"column":33},"end":{"line":78,"column":34}},"loc":{"start":{"line":78,"column":45},"end":{"line":82,"column":1}},"line":78},"2":{"name":"(anonymous_2)","decl":{"start":{"line":85,"column":37},"end":{"line":85,"column":38}},"loc":{"start":{"line":85,"column":70},"end":{"line":87,"column":1}},"line":85}},"branchMap":{"0":{"loc":{"start":{"line":70,"column":2},"end":{"line":72,"column":3}},"type":"if","locations":[{"start":{"line":70,"column":2},"end":{"line":72,"column":3}},{"start":{},"end":{}}],"line":70}},"s":{"0":1,"1":1,"2":1,"3":1,"4":1,"5":29,"6":4,"7":29,"8":1,"9":0,"10":1,"11":7,"12":1},"f":{"0":29,"1":0,"2":7},"b":{"0":[4,25]},"_coverageSchema":"1a1c01bbd47fc00a2c39e90264f33305004495a9","hash":"7f922a9e5395c77386ee801cc9382c691d8067cd"}
,"D:\\Năm 4\\Kì 2\\SQA\\Eshop\\Eshop-tutorial\\backend\\model\\withdraw.js": {"path":"D:\\Năm 4\\Kì 2\\SQA\\Eshop\\Eshop-tutorial\\backend\\model\\withdraw.js","statementMap":{"0":{"start":{"line":1,"column":17},"end":{"line":1,"column":36}},"1":{"start":{"line":3,"column":23},"end":{"line":23,"column":2}},"2":{"start":{"line":25,"column":0},"end":{"line":25,"column":60}}},"fnMap":{},"branchMap":{},"s":{"0":1,"1":1,"2":1},"f":{},"b":{},"_coverageSchema":"1a1c01bbd47fc00a2c39e90264f33305004495a9","hash":"3fc6408fcffc3a93625e6c85cef9d06deff5f528"}
}
