TN:
SF:controller\conversation.js
FN:11,(anonymous_0)
FN:44,(anonymous_1)
FN:67,(anonymous_2)
FN:88,(anonymous_3)
FNF:4
FNH:4
FNDA:11,(anonymous_0)
FNDA:5,(anonymous_1)
FNDA:5,(anonymous_2)
FNDA:7,(anonymous_3)
DA:1,1
DA:2,1
DA:3,1
DA:4,1
DA:5,1
DA:6,1
DA:9,1
DA:12,11
DA:13,11
DA:15,11
DA:17,11
DA:18,2
DA:19,2
DA:24,9
DA:29,9
DA:35,0
DA:41,1
DA:45,5
DA:46,5
DA:52,5
DA:57,0
DA:64,1
DA:68,5
DA:69,5
DA:75,5
DA:80,0
DA:86,1
DA:89,7
DA:90,7
DA:92,7
DA:97,6
DA:102,1
DA:107,1
LF:33
LH:30
BRDA:17,0,0,2
BRDA:17,0,1,9
BRF:2
BRH:2
end_of_record
TN:
SF:controller\coupounCode.js
FN:13,(anonymous_0)
FN:39,(anonymous_1)
FN:56,(anonymous_2)
FN:76,(anonymous_3)
FNF:4
FNH:4
FNDA:6,(anonymous_0)
FNDA:5,(anonymous_1)
FNDA:5,(anonymous_2)
FNDA:5,(anonymous_3)
DA:1,1
DA:2,1
DA:3,1
DA:4,1
DA:5,1
DA:6,1
DA:7,1
DA:10,1
DA:14,6
DA:15,6
DA:19,6
DA:20,1
DA:23,5
DA:25,3
DA:30,2
DA:36,1
DA:40,5
DA:41,5
DA:42,4
DA:47,1
DA:53,1
DA:57,5
DA:58,5
DA:60,4
DA:61,1
DA:63,3
DA:68,1
DA:74,1
DA:77,5
DA:78,5
DA:80,4
DA:85,1
DA:90,1
LF:33
LH:33
BRDA:19,0,0,1
BRDA:19,0,1,5
BRDA:60,1,0,1
BRDA:60,1,1,3
BRF:4
BRH:4
end_of_record
TN:
SF:controller\event.js
FN:13,(anonymous_0)
FN:59,(anonymous_1)
FN:74,(anonymous_2)
FN:91,(anonymous_3)
FN:122,(anonymous_4)
FNF:5
FNH:5
FNDA:5,(anonymous_0)
FNDA:3,(anonymous_1)
FNDA:4,(anonymous_2)
FNDA:5,(anonymous_3)
FNDA:5,(anonymous_4)
DA:1,1
DA:2,1
DA:3,1
DA:4,1
DA:5,1
DA:6,1
DA:7,1
DA:8,1
DA:11,1
DA:14,5
DA:15,5
DA:16,5
DA:17,5
DA:18,1
DA:20,4
DA:22,4
DA:23,1
DA:25,3
DA:28,4
DA:30,4
DA:31,4
DA:35,3
DA:41,0
DA:42,0
DA:43,0
DA:45,0
DA:47,0
DA:53,4
DA:59,1
DA:60,3
DA:61,3
DA:62,2
DA:67,1
DA:72,1
DA:75,4
DA:76,4
DA:78,4
DA:83,0
DA:89,1
DA:92,5
DA:93,5
DA:95,4
DA:96,0
DA:99,0
DA:100,0
DA:105,0
DA:107,0
DA:112,5
DA:118,1
DA:123,5
DA:124,5
DA:127,0
DA:132,5
DA:137,1
LF:54
LH:42
BRDA:17,0,0,1
BRDA:17,0,1,4
BRDA:22,1,0,1
BRDA:22,1,1,3
BRDA:95,2,0,0
BRDA:95,2,1,0
BRF:6
BRH:4
end_of_record
TN:
SF:controller\message.js
FN:11,(anonymous_0)
FN:51,(anonymous_1)
FNF:2
FNH:2
FNDA:7,(anonymous_0)
FNDA:7,(anonymous_1)
DA:1,1
DA:2,1
DA:3,1
DA:4,1
DA:5,1
DA:6,1
DA:9,1
DA:12,7
DA:13,7
DA:15,7
DA:16,3
DA:19,2
DA:25,4
DA:26,4
DA:27,4
DA:29,4
DA:36,4
DA:38,4
DA:43,3
DA:49,1
DA:52,7
DA:53,7
DA:57,6
DA:62,1
DA:67,1
LF:25
LH:25
BRDA:15,0,0,3
BRDA:15,0,1,4
BRDA:33,1,0,0
BRDA:33,1,1,4
BRF:4
BRH:3
end_of_record
TN:
SF:controller\order.js
FN:13,(anonymous_0)
FN:55,(anonymous_1)
FN:74,(anonymous_2)
FN:96,(anonymous_3)
FN:104,(anonymous_4)
FN:125,updateOrder
FN:134,updateSellerInfo
FN:150,(anonymous_7)
FN:177,(anonymous_8)
FN:195,(anonymous_9)
FN:200,updateOrder
FN:219,(anonymous_11)
FNF:12
FNH:12
FNDA:7,(anonymous_0)
FNDA:4,(anonymous_1)
FNDA:4,(anonymous_2)
FNDA:5,(anonymous_3)
FNDA:1,(anonymous_4)
FNDA:1,updateOrder
FNDA:1,updateSellerInfo
FNDA:3,(anonymous_7)
FNDA:4,(anonymous_8)
FNDA:2,(anonymous_9)
FNDA:2,updateOrder
FNDA:3,(anonymous_11)
DA:1,1
DA:2,1
DA:3,1
DA:4,1
DA:5,1
DA:6,1
DA:7,1
DA:8,1
DA:11,1
DA:14,7
DA:15,7
DA:18,7
DA:20,7
DA:21,27
DA:22,27
DA:23,8
DA:25,27
DA:29,6
DA:31,6
DA:32,6
DA:39,4
DA:42,4
DA:47,3
DA:53,1
DA:56,4
DA:57,4
DA:61,3
DA:66,1
DA:72,1
DA:75,4
DA:76,4
DA:82,3
DA:87,1
DA:93,1
DA:97,5
DA:98,5
DA:100,4
DA:101,1
DA:103,3
DA:104,1
DA:105,1
DA:109,3
DA:111,3
DA:112,1
DA:113,1
DA:114,1
DA:115,1
DA:118,2
DA:120,2
DA:126,1
DA:128,1
DA:129,1
DA:131,1
DA:135,1
DA:137,0
DA:139,0
DA:142,2
DA:148,1
DA:151,3
DA:152,3
DA:154,2
DA:155,1
DA:158,1
DA:160,1
DA:162,1
DA:168,1
DA:174,1
DA:178,4
DA:179,4
DA:181,3
DA:182,1
DA:185,2
DA:187,2
DA:189,2
DA:194,2
DA:195,2
DA:196,2
DA:201,2
DA:203,2
DA:204,2
DA:206,2
DA:209,1
DA:215,1
DA:220,3
DA:221,3
DA:225,2
DA:230,1
DA:235,1
LF:88
LH:86
BRDA:22,0,0,8
BRDA:22,0,1,19
BRDA:100,1,0,1
BRDA:100,1,1,3
BRDA:103,2,0,1
BRDA:103,2,1,2
BRDA:111,3,0,1
BRDA:111,3,1,2
BRDA:154,4,0,1
BRDA:154,4,1,1
BRDA:181,5,0,1
BRDA:181,5,1,2
BRDA:194,6,0,2
BRDA:194,6,1,0
BRF:14
BRH:13
end_of_record
TN:
SF:controller\payment.js
FN:9,(anonymous_0)
FN:26,(anonymous_1)
FNF:2
FNH:2
FNDA:4,(anonymous_0)
FNDA:3,(anonymous_1)
DA:1,1
DA:2,1
DA:3,1
DA:5,1
DA:7,1
DA:10,4
DA:17,4
DA:24,1
DA:27,3
DA:32,1
LF:10
LH:10
BRF:0
BRH:0
end_of_record
TN:
SF:controller\product.js
FN:14,(anonymous_0)
FN:62,(anonymous_1)
FN:80,(anonymous_2)
FN:109,(anonymous_3)
FN:127,(anonymous_4)
FN:141,(anonymous_5)
FN:145,(anonymous_6)
FN:156,(anonymous_7)
FN:185,(anonymous_8)
FNF:9
FNH:9
FNDA:3,(anonymous_0)
FNDA:2,(anonymous_1)
FNDA:2,(anonymous_2)
FNDA:2,(anonymous_3)
FNDA:10,(anonymous_4)
FNDA:8,(anonymous_5)
FNDA:3,(anonymous_6)
FNDA:14,(anonymous_7)
FNDA:2,(anonymous_8)
DA:1,1
DA:2,1
DA:3,1
DA:4,1
DA:5,1
DA:6,1
DA:7,1
DA:8,1
DA:9,1
DA:12,1
DA:15,3
DA:16,3
DA:17,3
DA:18,3
DA:19,1
DA:21,2
DA:23,2
DA:24,1
DA:26,1
DA:29,2
DA:31,2
DA:32,2
DA:36,2
DA:42,0
DA:43,0
DA:44,0
DA:46,0
DA:48,0
DA:54,2
DA:60,1
DA:63,2
DA:64,2
DA:66,2
DA:71,0
DA:77,1
DA:81,2
DA:82,2
DA:84,2
DA:85,1
DA:88,1
DA:89,3
DA:94,0
DA:96,0
DA:101,1
DA:107,1
DA:110,2
DA:111,2
DA:113,2
DA:118,0
DA:124,1
DA:128,10
DA:129,10
DA:131,10
DA:133,10
DA:140,10
DA:141,8
DA:144,9
DA:145,3
DA:146,3
DA:147,3
DA:151,6
DA:154,9
DA:156,9
DA:157,14
DA:160,9
DA:162,9
DA:164,9
DA:170,9
DA:175,1
DA:181,1
DA:186,2
DA:187,2
DA:190,2
DA:195,0
DA:199,1
LF:75
LH:65
BRDA:18,0,0,1
BRDA:18,0,1,2
BRDA:23,1,0,1
BRDA:23,1,1,1
BRDA:84,2,0,1
BRDA:84,2,1,1
BRDA:144,3,0,3
BRDA:144,3,1,6
BRDA:146,4,0,3
BRDA:146,4,1,0
BRF:10
BRH:9
end_of_record
TN:
SF:controller\shop.js
FN:14,(anonymous_0)
FN:63,(anonymous_1)
FN:72,(anonymous_2)
FN:113,(anonymous_3)
FN:146,(anonymous_4)
FN:167,(anonymous_5)
FN:188,(anonymous_6)
FN:205,(anonymous_7)
FN:240,(anonymous_8)
FN:273,(anonymous_9)
FN:293,(anonymous_10)
FN:319,(anonymous_11)
FN:341,(anonymous_12)
FNF:13
FNH:12
FNDA:5,(anonymous_0)
FNDA:0,(anonymous_1)
FNDA:4,(anonymous_2)
FNDA:4,(anonymous_3)
FNDA:2,(anonymous_4)
FNDA:1,(anonymous_5)
FNDA:3,(anonymous_6)
FNDA:3,(anonymous_7)
FNDA:3,(anonymous_8)
FNDA:3,(anonymous_9)
FNDA:3,(anonymous_10)
FNDA:2,(anonymous_11)
FNDA:2,(anonymous_12)
DA:1,1
DA:2,1
DA:3,1
DA:4,1
DA:5,1
DA:6,1
DA:7,1
DA:8,1
DA:9,1
DA:10,1
DA:11,1
DA:14,1
DA:15,5
DA:16,5
DA:17,5
DA:18,5
DA:19,1
DA:22,4
DA:27,3
DA:40,0
DA:42,0
DA:44,0
DA:45,0
DA:50,0
DA:55,0
DA:58,4
DA:63,1
DA:64,0
DA:70,1
DA:73,4
DA:74,4
DA:76,4
DA:81,3
DA:82,1
DA:85,2
DA:87,2
DA:89,2
DA:90,1
DA:93,1
DA:103,1
DA:105,1
DA:111,1
DA:114,4
DA:115,4
DA:117,4
DA:118,1
DA:121,3
DA:123,3
DA:124,1
DA:127,2
DA:129,2
DA:130,1
DA:135,1
DA:137,0
DA:143,1
DA:147,2
DA:148,2
DA:150,0
DA:151,0
DA:154,0
DA:159,2
DA:165,1
DA:168,1
DA:169,1
DA:175,1
DA:180,0
DA:186,1
DA:189,3
DA:190,3
DA:191,2
DA:196,1
DA:202,1
DA:206,3
DA:207,3
DA:209,0
DA:211,0
DA:213,0
DA:218,0
DA:224,0
DA:226,0
DA:231,3
DA:237,1
DA:241,3
DA:242,3
DA:244,3
DA:246,0
DA:247,0
DA:250,0
DA:251,0
DA:252,0
DA:253,0
DA:254,0
DA:256,0
DA:258,0
DA:263,3
DA:269,1
DA:274,3
DA:275,3
DA:278,2
DA:283,1
DA:289,1
DA:294,3
DA:295,3
DA:297,2
DA:298,1
DA:303,1
DA:305,1
DA:310,1
DA:316,1
DA:320,2
DA:321,2
DA:323,2
DA:327,0
DA:332,2
DA:338,1
DA:342,2
DA:343,2
DA:345,0
DA:346,0
DA:349,0
DA:351,0
DA:353,0
DA:358,2
DA:363,1
LF:124
LH:91
BRDA:18,0,0,1
BRDA:18,0,1,4
BRDA:81,1,0,1
BRDA:81,1,1,2
BRDA:89,2,0,1
BRDA:89,2,1,1
BRDA:117,3,0,1
BRDA:117,3,1,3
BRDA:117,4,0,4
BRDA:117,4,1,4
BRDA:123,5,0,1
BRDA:123,5,1,2
BRDA:129,6,0,1
BRDA:129,6,1,1
BRDA:150,7,0,0
BRDA:150,7,1,0
BRDA:246,8,0,0
BRDA:246,8,1,0
BRDA:297,9,0,1
BRDA:297,9,1,1
BRDA:345,10,0,0
BRDA:345,10,1,0
BRF:22
BRH:16
end_of_record
TN:
SF:controller\user.js
FN:13,(anonymous_0)
FN:59,(anonymous_1)
FN:68,(anonymous_2)
FN:104,(anonymous_3)
FN:137,(anonymous_4)
FN:158,(anonymous_5)
FN:180,(anonymous_6)
FN:218,(anonymous_7)
FN:253,(anonymous_8)
FN:258,(anonymous_9)
FN:267,(anonymous_10)
FN:293,(anonymous_11)
FN:318,(anonymous_12)
FN:352,(anonymous_13)
FN:371,(anonymous_14)
FN:391,(anonymous_15)
FNF:16
FNH:15
FNDA:5,(anonymous_0)
FNDA:0,(anonymous_1)
FNDA:4,(anonymous_2)
FNDA:4,(anonymous_3)
FNDA:2,(anonymous_4)
FNDA:1,(anonymous_5)
FNDA:3,(anonymous_6)
FNDA:3,(anonymous_7)
FNDA:3,(anonymous_8)
FNDA:2,(anonymous_9)
FNDA:1,(anonymous_10)
FNDA:2,(anonymous_11)
FNDA:3,(anonymous_12)
FNDA:3,(anonymous_13)
FNDA:3,(anonymous_14)
FNDA:3,(anonymous_15)
DA:1,1
DA:2,1
DA:3,1
DA:4,1
DA:5,1
DA:6,1
DA:7,1
DA:8,1
DA:9,1
DA:10,1
DA:13,1
DA:14,5
DA:15,5
DA:16,5
DA:18,5
DA:19,1
DA:22,4
DA:26,3
DA:36,0
DA:38,0
DA:40,0
DA:41,0
DA:46,0
DA:51,0
DA:54,4
DA:59,1
DA:60,0
DA:66,1
DA:69,4
DA:70,4
DA:72,4
DA:77,3
DA:78,1
DA:80,2
DA:82,2
DA:84,2
DA:85,1
DA:87,1
DA:94,1
DA:96,1
DA:102,1
DA:105,4
DA:106,4
DA:108,4
DA:109,1
DA:112,3
DA:114,3
DA:115,1
DA:118,2
DA:120,2
DA:121,1
DA:126,1
DA:128,0
DA:134,1
DA:138,2
DA:139,2
DA:141,2
DA:142,1
DA:145,1
DA:150,0
DA:156,1
DA:159,1
DA:160,1
DA:166,1
DA:171,0
DA:177,1
DA:181,3
DA:182,3
DA:184,3
DA:186,3
DA:187,1
DA:190,2
DA:192,2
DA:193,1
DA:198,1
DA:199,1
DA:200,1
DA:202,1
DA:204,1
DA:209,0
DA:215,1
DA:219,3
DA:220,3
DA:221,3
DA:222,2
DA:224,2
DA:226,2
DA:231,1
DA:237,1
DA:239,1
DA:244,2
DA:250,1
DA:254,3
DA:255,3
DA:257,3
DA:258,2
DA:260,3
DA:261,1
DA:266,2
DA:267,1
DA:270,2
DA:271,0
DA:274,2
DA:277,2
DA:279,2
DA:284,0
DA:290,1
DA:294,2
DA:295,2
DA:296,2
DA:298,2
DA:305,2
DA:307,2
DA:309,0
DA:315,1
DA:319,3
DA:320,3
DA:322,3
DA:326,3
DA:327,1
DA:330,2
DA:331,1
DA:335,1
DA:337,1
DA:339,1
DA:344,0
DA:350,1
DA:353,3
DA:354,3
DA:356,2
DA:361,1
DA:367,1
DA:372,3
DA:373,3
DA:376,2
DA:381,1
DA:387,1
DA:392,3
DA:393,3
DA:395,2
DA:396,1
DA:401,1
DA:403,1
DA:405,1
DA:407,1
DA:412,1
DA:417,1
LF:147
LH:132
BRDA:18,0,0,1
BRDA:18,0,1,4
BRDA:77,1,0,1
BRDA:77,1,1,2
BRDA:84,2,0,1
BRDA:84,2,1,1
BRDA:108,3,0,1
BRDA:108,3,1,3
BRDA:108,4,0,4
BRDA:108,4,1,4
BRDA:114,5,0,1
BRDA:114,5,1,2
BRDA:120,6,0,1
BRDA:120,6,1,1
BRDA:141,7,0,1
BRDA:141,7,1,1
BRDA:186,8,0,1
BRDA:186,8,1,2
BRDA:192,9,0,1
BRDA:192,9,1,1
BRDA:221,10,0,2
BRDA:221,10,1,1
BRDA:260,11,0,1
BRDA:260,11,1,2
BRDA:270,12,0,0
BRDA:270,12,1,2
BRDA:326,13,0,1
BRDA:326,13,1,2
BRDA:330,14,0,1
BRDA:330,14,1,1
BRDA:395,15,0,1
BRDA:395,15,1,1
BRF:32
BRH:31
end_of_record
TN:
SF:controller\withdraw.js
FN:14,(anonymous_0)
FN:60,(anonymous_1)
FN:79,(anonymous_2)
FNF:3
FNH:3
FNDA:1,(anonymous_0)
FNDA:3,(anonymous_1)
FNDA:5,(anonymous_2)
DA:1,1
DA:2,1
DA:3,1
DA:4,1
DA:5,1
DA:6,1
DA:7,1
DA:8,1
DA:11,1
DA:15,1
DA:16,1
DA:18,1
DA:23,1
DA:24,1
DA:29,1
DA:33,0
DA:36,1
DA:38,1
DA:40,0
DA:42,0
DA:44,0
DA:49,1
DA:56,1
DA:61,3
DA:62,3
DA:64,2
DA:69,1
DA:75,1
DA:80,5
DA:81,5
DA:83,5
DA:92,4
DA:94,4
DA:101,3
DA:103,2
DA:105,2
DA:106,2
DA:112,1
DA:114,1
DA:119,3
DA:124,1
LF:41
LH:37
BRF:0
BRH:0
end_of_record
TN:
SF:model\conversation.js
FNF:0
FNH:0
DA:1,1
DA:3,1
DA:21,1
LF:3
LH:3
BRF:0
BRH:0
end_of_record
TN:
SF:model\coupounCode.js
FNF:0
FNH:0
DA:1,1
DA:3,1
DA:32,1
LF:3
LH:3
BRF:0
BRH:0
end_of_record
TN:
SF:model\event.js
FNF:0
FNH:0
DA:1,1
DA:3,1
DA:72,1
LF:3
LH:3
BRF:0
BRH:0
end_of_record
TN:
SF:model\messages.js
FNF:0
FNH:0
DA:1,1
DA:3,1
DA:26,1
LF:3
LH:3
BRF:0
BRH:0
end_of_record
TN:
SF:model\order.js
FNF:0
FNH:0
DA:1,1
DA:3,1
DA:48,1
LF:3
LH:3
BRF:0
BRH:0
end_of_record
TN:
SF:model\product.js
FNF:0
FNH:0
DA:1,2
DA:3,2
DA:83,2
LF:3
LH:3
BRF:0
BRH:0
end_of_record
TN:
SF:model\shop.js
FN:84,(anonymous_0)
FN:92,(anonymous_1)
FN:99,(anonymous_2)
FNF:3
FNH:2
FNDA:81,(anonymous_0)
FNDA:0,(anonymous_1)
FNDA:2,(anonymous_2)
DA:1,5
DA:2,5
DA:3,5
DA:5,5
DA:84,5
DA:85,81
DA:86,2
DA:88,81
DA:92,5
DA:93,0
DA:99,5
DA:100,2
DA:103,5
LF:13
LH:12
BRDA:85,0,0,2
BRDA:85,0,1,79
BRF:2
BRH:2
end_of_record
TN:
SF:model\user.js
FN:69,(anonymous_0)
FN:78,(anonymous_1)
FN:85,(anonymous_2)
FNF:3
FNH:2
FNDA:29,(anonymous_0)
FNDA:0,(anonymous_1)
FNDA:7,(anonymous_2)
DA:1,1
DA:2,1
DA:3,1
DA:5,1
DA:69,1
DA:70,29
DA:71,4
DA:74,29
DA:78,1
DA:79,0
DA:85,1
DA:86,7
DA:89,1
LF:13
LH:12
BRDA:70,0,0,4
BRDA:70,0,1,25
BRF:2
BRH:2
end_of_record
TN:
SF:model\withdraw.js
FNF:0
FNH:0
DA:1,1
DA:3,1
DA:25,1
LF:3
LH:3
BRF:0
BRH:0
end_of_record
